{"/Users/godohwan/개발자료/NODEJS_STUDY/nestjs-study/src/app.controller.spec.ts": {"path":"/Users/godohwan/개발자료/NODEJS_STUDY/nestjs-study/src/app.controller.spec.ts","statementMap":{"0":{"start":{"line":1,"column":0},"end":{"line":1,"column":54}},"1":{"start":{"line":2,"column":0},"end":{"line":2,"column":49}},"2":{"start":{"line":3,"column":0},"end":{"line":3,"column":43}},"3":{"start":{"line":5,"column":0},"end":{"line":22,"column":3}},"4":{"start":{"line":8,"column":2},"end":{"line":15,"column":5}},"5":{"start":{"line":9,"column":31},"end":{"line":12,"column":16}},"6":{"start":{"line":14,"column":4},"end":{"line":14,"column":58}},"7":{"start":{"line":17,"column":2},"end":{"line":21,"column":5}},"8":{"start":{"line":18,"column":4},"end":{"line":20,"column":7}},"9":{"start":{"line":19,"column":6},"end":{"line":19,"column":60}}},"fnMap":{"0":{"name":"(anonymous_0)","decl":{"start":{"line":5,"column":26},"end":{"line":5,"column":29}},"loc":{"start":{"line":5,"column":31},"end":{"line":22,"column":1}}},"1":{"name":"(anonymous_1)","decl":{"start":{"line":8,"column":13},"end":{"line":8,"column":18}},"loc":{"start":{"line":8,"column":24},"end":{"line":15,"column":3}}},"2":{"name":"(anonymous_2)","decl":{"start":{"line":17,"column":19},"end":{"line":17,"column":22}},"loc":{"start":{"line":17,"column":24},"end":{"line":21,"column":3}}},"3":{"name":"(anonymous_3)","decl":{"start":{"line":18,"column":39},"end":{"line":18,"column":42}},"loc":{"start":{"line":18,"column":44},"end":{"line":20,"column":5}}}},"branchMap":{},"s":{"0":0,"1":0,"2":0,"3":0,"4":0,"5":0,"6":0,"7":0,"8":0,"9":0},"f":{"0":0,"1":0,"2":0,"3":0},"b":{}}
,"/Users/godohwan/개발자료/NODEJS_STUDY/nestjs-study/src/app.controller.ts": {"path":"/Users/godohwan/개발자료/NODEJS_STUDY/nestjs-study/src/app.controller.ts","statementMap":{"0":{"start":{"line":1,"column":0},"end":{"line":1,"column":49}},"1":{"start":{"line":2,"column":0},"end":{"line":2,"column":43}},"2":{"start":{"line":5,"column":7},"end":{"line":12,"column":null}},"3":{"start":{"line":6,"column":31},"end":{"line":6,"column":43}},"4":{"start":{"line":10,"column":4},"end":{"line":10,"column":38}},"5":{"start":{"line":5,"column":13},"end":{"line":5,"column":26}},"6":{"start":{"line":9,"column":2},"end":{"line":11,"column":null}},"7":{"start":{"line":5,"column":13},"end":{"line":12,"column":null}}},"fnMap":{"0":{"name":"(anonymous_2)","decl":{"start":{"line":6,"column":2},"end":{"line":6,"column":31}},"loc":{"start":{"line":6,"column":53},"end":{"line":6,"column":57}}},"1":{"name":"(anonymous_3)","decl":{"start":{"line":9,"column":2},"end":{"line":9,"column":10}},"loc":{"start":{"line":9,"column":10},"end":{"line":11,"column":3}}}},"branchMap":{"0":{"loc":{"start":{"line":6,"column":43},"end":{"line":6,"column":56}},"type":"cond-expr","locations":[{"start":{"line":6,"column":53},"end":{"line":6,"column":56}},{"start":{"line":6,"column":53},"end":{"line":6,"column":56}}]},"1":{"loc":{"start":{"line":6,"column":43},"end":{"line":6,"column":53}},"type":"binary-expr","locations":[{"start":{"line":6,"column":43},"end":{"line":6,"column":56}},{"start":{"line":6,"column":43},"end":{"line":6,"column":53}}]}},"s":{"0":0,"1":0,"2":0,"3":0,"4":0,"5":0,"6":0,"7":0},"f":{"0":0,"1":0},"b":{"0":[0,0],"1":[0,0]}}
,"/Users/godohwan/개발자료/NODEJS_STUDY/nestjs-study/src/app.module.ts": {"path":"/Users/godohwan/개발자료/NODEJS_STUDY/nestjs-study/src/app.module.ts","statementMap":{"0":{"start":{"line":1,"column":0},"end":{"line":1,"column":40}},"1":{"start":{"line":2,"column":0},"end":{"line":2,"column":48}},"2":{"start":{"line":3,"column":0},"end":{"line":3,"column":56}},"3":{"start":{"line":4,"column":0},"end":{"line":4,"column":56}},"4":{"start":{"line":5,"column":0},"end":{"line":5,"column":56}},"5":{"start":{"line":6,"column":0},"end":{"line":6,"column":68}},"6":{"start":{"line":7,"column":0},"end":{"line":7,"column":65}},"7":{"start":{"line":8,"column":0},"end":{"line":8,"column":59}},"8":{"start":{"line":11,"column":27},"end":{"line":11,"column":107}},"9":{"start":{"line":16,"column":7},"end":{"line":16,"column":null}},"10":{"start":{"line":16,"column":13},"end":{"line":16,"column":22}},"11":{"start":{"line":16,"column":13},"end":{"line":16,"column":null}}},"fnMap":{},"branchMap":{},"s":{"0":0,"1":0,"2":0,"3":0,"4":0,"5":0,"6":0,"7":0,"8":0,"9":0,"10":0,"11":0},"f":{},"b":{}}
,"/Users/godohwan/개발자료/NODEJS_STUDY/nestjs-study/src/app.service.ts": {"path":"/Users/godohwan/개발자료/NODEJS_STUDY/nestjs-study/src/app.service.ts","statementMap":{"0":{"start":{"line":1,"column":0},"end":{"line":1,"column":44}},"1":{"start":{"line":4,"column":7},"end":{"line":8,"column":null}},"2":{"start":{"line":6,"column":4},"end":{"line":6,"column":26}},"3":{"start":{"line":4,"column":13},"end":{"line":4,"column":23}},"4":{"start":{"line":4,"column":13},"end":{"line":8,"column":null}}},"fnMap":{"0":{"name":"(anonymous_1)","decl":{"start":{"line":5,"column":2},"end":{"line":5,"column":10}},"loc":{"start":{"line":5,"column":10},"end":{"line":7,"column":3}}}},"branchMap":{},"s":{"0":0,"1":0,"2":0,"3":0,"4":0},"f":{"0":0},"b":{}}
,"/Users/godohwan/개발자료/NODEJS_STUDY/nestjs-study/src/main.ts": {"path":"/Users/godohwan/개발자료/NODEJS_STUDY/nestjs-study/src/main.ts","statementMap":{"0":{"start":{"line":1,"column":0},"end":{"line":1,"column":43}},"1":{"start":{"line":2,"column":0},"end":{"line":2,"column":41}},"2":{"start":{"line":3,"column":0},"end":{"line":3,"column":42}},"3":{"start":{"line":4,"column":0},"end":{"line":4,"column":65}},"4":{"start":{"line":6,"column":0},"end":{"line":6,"column":28}},"5":{"start":{"line":10,"column":14},"end":{"line":10,"column":73}},"6":{"start":{"line":13,"column":2},"end":{"line":13,"column":55}},"7":{"start":{"line":16,"column":17},"end":{"line":41,"column":12}},"8":{"start":{"line":43,"column":19},"end":{"line":43,"column":60}},"9":{"start":{"line":46,"column":49},"end":{"line":86,"column":4}},"10":{"start":{"line":88,"column":2},"end":{"line":88,"column":62}},"11":{"start":{"line":90,"column":2},"end":{"line":90,"column":18}},"12":{"start":{"line":91,"column":2},"end":{"line":91,"column":45}},"13":{"start":{"line":95,"column":0},"end":{"line":95,"column":12}}},"fnMap":{"0":{"name":"bootstrap","decl":{"start":{"line":9,"column":15},"end":{"line":9,"column":24}},"loc":{"start":{"line":9,"column":24},"end":{"line":94,"column":1}}}},"branchMap":{"0":{"loc":{"start":{"line":91,"column":19},"end":{"line":91,"column":43}},"type":"cond-expr","locations":[{"start":{"line":91,"column":35},"end":{"line":91,"column":39}},{"start":{"line":91,"column":39},"end":{"line":91,"column":43}}]},"1":{"loc":{"start":{"line":91,"column":19},"end":{"line":91,"column":39}},"type":"binary-expr","locations":[{"start":{"line":91,"column":19},"end":{"line":91,"column":39}},{"start":{"line":91,"column":35},"end":{"line":91,"column":39}}]}},"s":{"0":0,"1":0,"2":0,"3":0,"4":0,"5":0,"6":0,"7":0,"8":0,"9":0,"10":0,"11":0,"12":0,"13":0},"f":{"0":0},"b":{"0":[0,0],"1":[0,0]}}
,"/Users/godohwan/개발자료/NODEJS_STUDY/nestjs-study/src/setNestApp.ts": {"path":"/Users/godohwan/개발자료/NODEJS_STUDY/nestjs-study/src/setNestApp.ts","statementMap":{"0":{"start":{"line":4,"column":0},"end":{"line":4,"column":16}},"1":{"start":{"line":1,"column":0},"end":{"line":1,"column":66}},"2":{"start":{"line":2,"column":0},"end":{"line":2,"column":41}},"3":{"start":{"line":5,"column":2},"end":{"line":12,"column":4}},"4":{"start":{"line":13,"column":2},"end":{"line":13,"column":26}}},"fnMap":{"0":{"name":"setNestApp","decl":{"start":{"line":4,"column":16},"end":{"line":4,"column":26}},"loc":{"start":{"line":4,"column":61},"end":{"line":14,"column":1}}}},"branchMap":{},"s":{"0":0,"1":0,"2":0,"3":0,"4":0},"f":{"0":0},"b":{}}
,"/Users/godohwan/개발자료/NODEJS_STUDY/nestjs-study/src/common/dto/error.response.ts": {"path":"/Users/godohwan/개발자료/NODEJS_STUDY/nestjs-study/src/common/dto/error.response.ts","statementMap":{"0":{"start":{"line":1,"column":0},"end":{"line":1,"column":46}},"1":{"start":{"line":3,"column":0},"end":{"line":3,"column":13}},"2":{"start":{"line":8,"column":2},"end":{"line":8,"column":null}},"3":{"start":{"line":14,"column":2},"end":{"line":14,"column":null}},"4":{"start":{"line":20,"column":2},"end":{"line":20,"column":null}},"5":{"start":{"line":26,"column":2},"end":{"line":26,"column":null}},"6":{"start":{"line":32,"column":2},"end":{"line":32,"column":null}}},"fnMap":{},"branchMap":{},"s":{"0":0,"1":0,"2":0,"3":0,"4":0,"5":0,"6":0},"f":{},"b":{}}
,"/Users/godohwan/개발자료/NODEJS_STUDY/nestjs-study/src/common/dto/pagination.response.ts": {"path":"/Users/godohwan/개발자료/NODEJS_STUDY/nestjs-study/src/common/dto/pagination.response.ts","statementMap":{"0":{"start":{"line":42,"column":0},"end":{"line":42,"column":16}},"1":{"start":{"line":1,"column":0},"end":{"line":1,"column":46}},"2":{"start":{"line":4,"column":0},"end":{"line":4,"column":13}},"3":{"start":{"line":9,"column":4},"end":{"line":9,"column":null}},"4":{"start":{"line":15,"column":4},"end":{"line":15,"column":null}},"5":{"start":{"line":21,"column":4},"end":{"line":21,"column":null}},"6":{"start":{"line":27,"column":4},"end":{"line":27,"column":null}},"7":{"start":{"line":33,"column":4},"end":{"line":33,"column":null}},"8":{"start":{"line":39,"column":4},"end":{"line":39,"column":null}},"9":{"start":{"line":48,"column":6},"end":{"line":48,"column":null}},"10":{"start":{"line":54,"column":6},"end":{"line":54,"column":null}},"11":{"start":{"line":57,"column":4},"end":{"line":57,"column":29}}},"fnMap":{"0":{"name":"createPaginatedResponse","decl":{"start":{"line":42,"column":16},"end":{"line":42,"column":39}},"loc":{"start":{"line":42,"column":56},"end":{"line":58,"column":3}}}},"branchMap":{},"s":{"0":0,"1":0,"2":0,"3":0,"4":0,"5":0,"6":0,"7":0,"8":0,"9":0,"10":0,"11":0},"f":{"0":0},"b":{}}
,"/Users/godohwan/개발자료/NODEJS_STUDY/nestjs-study/src/common/pagination/pagination.builder.ts": {"path":"/Users/godohwan/개발자료/NODEJS_STUDY/nestjs-study/src/common/pagination/pagination.builder.ts","statementMap":{"0":{"start":{"line":1,"column":0},"end":{"line":1,"column":59}},"1":{"start":{"line":10,"column":4},"end":{"line":10,"column":22}},"2":{"start":{"line":11,"column":4},"end":{"line":11,"column":16}},"3":{"start":{"line":15,"column":4},"end":{"line":15,"column":22}},"4":{"start":{"line":16,"column":4},"end":{"line":16,"column":16}},"5":{"start":{"line":20,"column":4},"end":{"line":20,"column":24}},"6":{"start":{"line":21,"column":4},"end":{"line":21,"column":16}},"7":{"start":{"line":25,"column":4},"end":{"line":25,"column":24}},"8":{"start":{"line":26,"column":4},"end":{"line":26,"column":16}},"9":{"start":{"line":30,"column":4},"end":{"line":30,"column":40}},"10":{"start":{"line":3,"column":0},"end":{"line":3,"column":13}}},"fnMap":{"0":{"name":"(anonymous_0)","decl":{"start":{"line":9,"column":2},"end":{"line":9,"column":9}},"loc":{"start":{"line":9,"column":19},"end":{"line":12,"column":3}}},"1":{"name":"(anonymous_1)","decl":{"start":{"line":14,"column":2},"end":{"line":14,"column":9}},"loc":{"start":{"line":14,"column":22},"end":{"line":17,"column":3}}},"2":{"name":"(anonymous_2)","decl":{"start":{"line":19,"column":2},"end":{"line":19,"column":10}},"loc":{"start":{"line":19,"column":24},"end":{"line":22,"column":3}}},"3":{"name":"(anonymous_3)","decl":{"start":{"line":24,"column":2},"end":{"line":24,"column":15}},"loc":{"start":{"line":24,"column":29},"end":{"line":27,"column":3}}},"4":{"name":"(anonymous_4)","decl":{"start":{"line":29,"column":2},"end":{"line":29,"column":7}},"loc":{"start":{"line":29,"column":7},"end":{"line":31,"column":3}}}},"branchMap":{},"s":{"0":2,"1":0,"2":0,"3":0,"4":0,"5":0,"6":0,"7":0,"8":0,"9":0,"10":2},"f":{"0":0,"1":0,"2":0,"3":0,"4":0},"b":{}}
,"/Users/godohwan/개발자료/NODEJS_STUDY/nestjs-study/src/common/pagination/pagination.request.ts": {"path":"/Users/godohwan/개발자료/NODEJS_STUDY/nestjs-study/src/common/pagination/pagination.request.ts","statementMap":{"0":{"start":{"line":1,"column":0},"end":{"line":1,"column":41}},"1":{"start":{"line":2,"column":0},"end":{"line":2,"column":57}},"2":{"start":{"line":4,"column":0},"end":{"line":4,"column":null}},"3":{"start":{"line":5,"column":2},"end":{"line":5,"column":null}},"4":{"start":{"line":6,"column":2},"end":{"line":6,"column":null}},"5":{"start":{"line":14,"column":2},"end":{"line":14,"column":40}},"6":{"start":{"line":20,"column":2},"end":{"line":20,"column":42}},"7":{"start":{"line":23,"column":4},"end":{"line":23,"column":47}},"8":{"start":{"line":9,"column":0},"end":{"line":9,"column":13}},"9":{"start":{"line":14,"column":2},"end":{"line":14,"column":null}},"10":{"start":{"line":13,"column":14},"end":{"line":13,"column":20}},"11":{"start":{"line":20,"column":2},"end":{"line":20,"column":null}},"12":{"start":{"line":19,"column":14},"end":{"line":19,"column":20}}},"fnMap":{"0":{"name":"(anonymous_2)","decl":{"start":{"line":4,"column":0},"end":{"line":4,"column":12}},"loc":{"start":{"line":4,"column":29},"end":{"line":7,"column":1}}},"1":{"name":"(anonymous_3)","decl":{"start":{"line":9,"column":0},"end":{"line":9,"column":13}},"loc":{"start":{"line":9,"column":0},"end":{"line":25,"column":1}}},"2":{"name":"(anonymous_4)","decl":{"start":{"line":22,"column":2},"end":{"line":22,"column":12}},"loc":{"start":{"line":22,"column":31},"end":{"line":24,"column":3}}},"3":{"name":"(anonymous_5)","decl":{"start":{"line":13,"column":8},"end":{"line":13,"column":11}},"loc":{"start":{"line":13,"column":14},"end":{"line":13,"column":20}}},"4":{"name":"(anonymous_6)","decl":{"start":{"line":19,"column":8},"end":{"line":19,"column":11}},"loc":{"start":{"line":19,"column":14},"end":{"line":19,"column":20}}}},"branchMap":{"0":{"loc":{"start":{"line":4,"column":12},"end":{"line":4,"column":null}},"type":"binary-expr","locations":[{"start":{"line":4,"column":12},"end":{"line":4,"column":29}},{"start":{"line":4,"column":29},"end":{"line":4,"column":null}}]}},"s":{"0":1,"1":1,"2":1,"3":1,"4":1,"5":0,"6":0,"7":0,"8":1,"9":1,"10":0,"11":1,"12":0},"f":{"0":1,"1":0,"2":0,"3":0,"4":0},"b":{"0":[1,1]}}
,"/Users/godohwan/개발자료/NODEJS_STUDY/nestjs-study/src/common/pagination/pagination.response.dto.ts": {"path":"/Users/godohwan/개발자료/NODEJS_STUDY/nestjs-study/src/common/pagination/pagination.response.dto.ts","statementMap":{"0":{"start":{"line":11,"column":4},"end":{"line":11,"column":42}},"1":{"start":{"line":12,"column":4},"end":{"line":12,"column":40}},"2":{"start":{"line":13,"column":4},"end":{"line":13,"column":52}},"3":{"start":{"line":14,"column":4},"end":{"line":14,"column":42}},"4":{"start":{"line":15,"column":4},"end":{"line":15,"column":46}},"5":{"start":{"line":3,"column":0},"end":{"line":3,"column":13}}},"fnMap":{"0":{"name":"(anonymous_0)","decl":{"start":{"line":10,"column":2},"end":{"line":10,"column":14}},"loc":{"start":{"line":10,"column":55},"end":{"line":16,"column":3}}}},"branchMap":{},"s":{"0":0,"1":0,"2":0,"3":0,"4":0,"5":0},"f":{"0":0},"b":{}}
,"/Users/godohwan/개발자료/NODEJS_STUDY/nestjs-study/src/common/pagination/pagination.response.ts": {"path":"/Users/godohwan/개발자료/NODEJS_STUDY/nestjs-study/src/common/pagination/pagination.response.ts","statementMap":{"0":{"start":{"line":1,"column":0},"end":{"line":1,"column":43}},"1":{"start":{"line":11,"column":4},"end":{"line":11,"column":42}},"2":{"start":{"line":12,"column":4},"end":{"line":12,"column":40}},"3":{"start":{"line":13,"column":4},"end":{"line":13,"column":40}},"4":{"start":{"line":14,"column":4},"end":{"line":14,"column":42}},"5":{"start":{"line":19,"column":4},"end":{"line":19,"column":46}},"6":{"start":{"line":24,"column":4},"end":{"line":24,"column":39}},"7":{"start":{"line":4,"column":0},"end":{"line":4,"column":13}},"8":{"start":{"line":17,"column":2},"end":{"line":20,"column":null}},"9":{"start":{"line":22,"column":2},"end":{"line":25,"column":null}}},"fnMap":{"0":{"name":"(anonymous_2)","decl":{"start":{"line":10,"column":2},"end":{"line":10,"column":14}},"loc":{"start":{"line":10,"column":53},"end":{"line":15,"column":3}}},"1":{"name":"(anonymous_3)","decl":{"start":{"line":17,"column":2},"end":{"line":17,"column":3}},"loc":{"start":{"line":18,"column":16},"end":{"line":20,"column":3}}},"2":{"name":"(anonymous_4)","decl":{"start":{"line":22,"column":2},"end":{"line":22,"column":3}},"loc":{"start":{"line":23,"column":13},"end":{"line":25,"column":3}}}},"branchMap":{},"s":{"0":2,"1":0,"2":0,"3":0,"4":0,"5":0,"6":0,"7":2,"8":2,"9":2},"f":{"0":0,"1":0,"2":0},"b":{}}
,"/Users/godohwan/개발자료/NODEJS_STUDY/nestjs-study/src/core/core.module.ts": {"path":"/Users/godohwan/개발자료/NODEJS_STUDY/nestjs-study/src/core/core.module.ts","statementMap":{"0":{"start":{"line":1,"column":0},"end":{"line":1,"column":null}},"1":{"start":{"line":7,"column":0},"end":{"line":7,"column":54}},"2":{"start":{"line":8,"column":0},"end":{"line":8,"column":70}},"3":{"start":{"line":9,"column":0},"end":{"line":9,"column":79}},"4":{"start":{"line":10,"column":0},"end":{"line":10,"column":52}},"5":{"start":{"line":11,"column":0},"end":{"line":11,"column":66}},"6":{"start":{"line":12,"column":0},"end":{"line":12,"column":54}},"7":{"start":{"line":13,"column":0},"end":{"line":13,"column":51}},"8":{"start":{"line":14,"column":0},"end":{"line":14,"column":69}},"9":{"start":{"line":15,"column":0},"end":{"line":15,"column":55}},"10":{"start":{"line":16,"column":0},"end":{"line":16,"column":45}},"11":{"start":{"line":17,"column":0},"end":{"line":17,"column":63}},"12":{"start":{"line":18,"column":0},"end":{"line":18,"column":61}},"13":{"start":{"line":19,"column":0},"end":{"line":19,"column":43}},"14":{"start":{"line":20,"column":0},"end":{"line":20,"column":80}},"15":{"start":{"line":21,"column":0},"end":{"line":21,"column":45}},"16":{"start":{"line":22,"column":0},"end":{"line":22,"column":51}},"17":{"start":{"line":24,"column":16},"end":{"line":32,"column":2}},"18":{"start":{"line":33,"column":35},"end":{"line":33,"column":37}},"19":{"start":{"line":34,"column":38},"end":{"line":36,"column":2}},"20":{"start":{"line":37,"column":32},"end":{"line":46,"column":2}},"21":{"start":{"line":47,"column":33},"end":{"line":49,"column":2}},"22":{"start":{"line":57,"column":7},"end":{"line":65,"column":null}},"23":{"start":{"line":59,"column":4},"end":{"line":63,"column":22}},"24":{"start":{"line":57,"column":13},"end":{"line":57,"column":23}},"25":{"start":{"line":57,"column":13},"end":{"line":65,"column":null}}},"fnMap":{"0":{"name":"(anonymous_1)","decl":{"start":{"line":58,"column":2},"end":{"line":58,"column":11}},"loc":{"start":{"line":58,"column":40},"end":{"line":64,"column":3}}}},"branchMap":{},"s":{"0":0,"1":0,"2":0,"3":0,"4":0,"5":0,"6":0,"7":0,"8":0,"9":0,"10":0,"11":0,"12":0,"13":0,"14":0,"15":0,"16":0,"17":0,"18":0,"19":0,"20":0,"21":0,"22":0,"23":0,"24":0,"25":0},"f":{"0":0},"b":{}}
,"/Users/godohwan/개발자료/NODEJS_STUDY/nestjs-study/src/core/cache/cache.decorator.ts": {"path":"/Users/godohwan/개발자료/NODEJS_STUDY/nestjs-study/src/core/cache/cache.decorator.ts","statementMap":{"0":{"start":{"line":1,"column":0},"end":{"line":1,"column":45}},"1":{"start":{"line":4,"column":13},"end":{"line":4,"column":33}},"2":{"start":{"line":6,"column":21},"end":{"line":8,"column":1}},"3":{"start":{"line":7,"column":2},"end":{"line":7,"column":41}},"4":{"start":{"line":6,"column":13},"end":{"line":6,"column":21}}},"fnMap":{"0":{"name":"(anonymous_0)","decl":{"start":{"line":6,"column":21},"end":{"line":6,"column":22}},"loc":{"start":{"line":6,"column":48},"end":{"line":8,"column":1}}}},"branchMap":{},"s":{"0":1,"1":1,"2":1,"3":1,"4":1},"f":{"0":1},"b":{}}
,"/Users/godohwan/개발자료/NODEJS_STUDY/nestjs-study/src/core/cache/cache.interface.ts": {"path":"/Users/godohwan/개발자료/NODEJS_STUDY/nestjs-study/src/core/cache/cache.interface.ts","statementMap":{"0":{"start":{"line":3,"column":13},"end":{"line":3,"column":57}},"1":{"start":{"line":4,"column":13},"end":{"line":4,"column":55}},"2":{"start":{"line":6,"column":13},"end":{"line":11,"column":11}}},"fnMap":{},"branchMap":{},"s":{"0":2,"1":2,"2":2},"f":{},"b":{}}
,"/Users/godohwan/개발자료/NODEJS_STUDY/nestjs-study/src/core/cache/cache.module.ts": {"path":"/Users/godohwan/개발자료/NODEJS_STUDY/nestjs-study/src/core/cache/cache.module.ts","statementMap":{"0":{"start":{"line":1,"column":0},"end":{"line":1,"column":null}},"1":{"start":{"line":8,"column":0},"end":{"line":8,"column":32}},"2":{"start":{"line":9,"column":0},"end":{"line":9,"column":47}},"3":{"start":{"line":10,"column":0},"end":{"line":10,"column":null}},"4":{"start":{"line":15,"column":0},"end":{"line":15,"column":null}},"5":{"start":{"line":22,"column":0},"end":{"line":22,"column":46}},"6":{"start":{"line":23,"column":0},"end":{"line":23,"column":57}},"7":{"start":{"line":27,"column":38},"end":{"line":36,"column":2}},"8":{"start":{"line":30,"column":19},"end":{"line":33,"column":6}},"9":{"start":{"line":34,"column":4},"end":{"line":34,"column":18}},"10":{"start":{"line":38,"column":36},"end":{"line":41,"column":2}},"11":{"start":{"line":48,"column":7},"end":{"line":141,"column":null}},"12":{"start":{"line":50,"column":48},"end":{"line":50,"column":62}},"13":{"start":{"line":51,"column":23},"end":{"line":51,"column":41}},"14":{"start":{"line":52,"column":23},"end":{"line":52,"column":40}},"15":{"start":{"line":53,"column":23},"end":{"line":53,"column":34}},"16":{"start":{"line":54,"column":23},"end":{"line":54,"column":38}},"17":{"start":{"line":58,"column":6},"end":{"line":58,"column":23}},"18":{"start":{"line":66,"column":46},"end":{"line":66,"column":50}},"19":{"start":{"line":67,"column":34},"end":{"line":67,"column":46}},"20":{"start":{"line":69,"column":6},"end":{"line":106,"column":8}},"21":{"start":{"line":70,"column":25},"end":{"line":70,"column":35}},"22":{"start":{"line":71,"column":28},"end":{"line":71,"column":42}},"23":{"start":{"line":72,"column":26},"end":{"line":72,"column":76}},"24":{"start":{"line":73,"column":25},"end":{"line":73,"column":45}},"25":{"start":{"line":75,"column":8},"end":{"line":90,"column":9}},"26":{"start":{"line":76,"column":29},"end":{"line":76,"column":61}},"27":{"start":{"line":77,"column":10},"end":{"line":80,"column":11}},"28":{"start":{"line":78,"column":12},"end":{"line":78,"column":66}},"29":{"start":{"line":79,"column":12},"end":{"line":79,"column":30}},"30":{"start":{"line":82,"column":10},"end":{"line":86,"column":12}},"31":{"start":{"line":88,"column":25},"end":{"line":88,"column":67}},"32":{"start":{"line":89,"column":10},"end":{"line":89,"column":24}},"33":{"start":{"line":92,"column":23},"end":{"line":92,"column":65}},"34":{"start":{"line":94,"column":8},"end":{"line":105,"column":9}},"35":{"start":{"line":95,"column":10},"end":{"line":95,"column":56}},"36":{"start":{"line":96,"column":10},"end":{"line":96,"column":61}},"37":{"start":{"line":98,"column":10},"end":{"line":102,"column":12}},"38":{"start":{"line":104,"column":10},"end":{"line":104,"column":24}},"39":{"start":{"line":110,"column":26},"end":{"line":111,"column":null}},"40":{"start":{"line":114,"column":6},"end":{"line":125,"column":7}},"41":{"start":{"line":115,"column":31},"end":{"line":115,"column":60}},"42":{"start":{"line":116,"column":29},"end":{"line":116,"column":74}},"43":{"start":{"line":118,"column":8},"end":{"line":124,"column":9}},"44":{"start":{"line":119,"column":10},"end":{"line":123,"column":12}},"45":{"start":{"line":129,"column":6},"end":{"line":132,"column":66}},"46":{"start":{"line":131,"column":23},"end":{"line":131,"column":49}},"47":{"start":{"line":132,"column":44},"end":{"line":132,"column":64}},"48":{"start":{"line":136,"column":24},"end":{"line":136,"column":43}},"49":{"start":{"line":137,"column":6},"end":{"line":139,"column":7}},"50":{"start":{"line":138,"column":8},"end":{"line":138,"column":43}},"51":{"start":{"line":48,"column":13},"end":{"line":48,"column":24}},"52":{"start":{"line":48,"column":13},"end":{"line":141,"column":null}}},"fnMap":{"0":{"name":"(anonymous_4)","decl":{"start":{"line":29,"column":14},"end":{"line":29,"column":19}},"loc":{"start":{"line":29,"column":25},"end":{"line":35,"column":3}}},"1":{"name":"(anonymous_5)","decl":{"start":{"line":49,"column":4},"end":{"line":49,"column":null}},"loc":{"start":{"line":54,"column":51},"end":{"line":55,"column":8}}},"2":{"name":"(anonymous_6)","decl":{"start":{"line":57,"column":4},"end":{"line":57,"column":9}},"loc":{"start":{"line":57,"column":22},"end":{"line":59,"column":5}}},"3":{"name":"(anonymous_7)","decl":{"start":{"line":61,"column":12},"end":{"line":61,"column":22}},"loc":{"start":{"line":64,"column":33},"end":{"line":107,"column":5}}},"4":{"name":"(anonymous_8)","decl":{"start":{"line":69,"column":13},"end":{"line":69,"column":18}},"loc":{"start":{"line":69,"column":43},"end":{"line":106,"column":7}}},"5":{"name":"(anonymous_9)","decl":{"start":{"line":109,"column":12},"end":{"line":109,"column":31}},"loc":{"start":{"line":109,"column":45},"end":{"line":126,"column":5}}},"6":{"name":"(anonymous_10)","decl":{"start":{"line":128,"column":12},"end":{"line":128,"column":24}},"loc":{"start":{"line":128,"column":24},"end":{"line":133,"column":5}}},"7":{"name":"(anonymous_11)","decl":{"start":{"line":131,"column":16},"end":{"line":131,"column":17}},"loc":{"start":{"line":131,"column":23},"end":{"line":131,"column":49}}},"8":{"name":"(anonymous_12)","decl":{"start":{"line":132,"column":16},"end":{"line":132,"column":17}},"loc":{"start":{"line":132,"column":44},"end":{"line":132,"column":64}}},"9":{"name":"(anonymous_13)","decl":{"start":{"line":135,"column":12},"end":{"line":135,"column":21}},"loc":{"start":{"line":135,"column":21},"end":{"line":140,"column":5}}}},"branchMap":{"0":{"loc":{"start":{"line":70,"column":25},"end":{"line":70,"column":35}},"type":"cond-expr","locations":[{"start":{"line":70,"column":25},"end":{"line":70,"column":30}},{"start":{"line":70,"column":34},"end":{"line":70,"column":35}}]},"1":{"loc":{"start":{"line":70,"column":25},"end":{"line":70,"column":34}},"type":"binary-expr","locations":[{"start":{"line":70,"column":25},"end":{"line":70,"column":34}},{"start":{"line":70,"column":25},"end":{"line":70,"column":34}}]},"2":{"loc":{"start":{"line":72,"column":26},"end":{"line":72,"column":76}},"type":"cond-expr","locations":[{"start":{"line":72,"column":60},"end":{"line":72,"column":71}},{"start":{"line":72,"column":74},"end":{"line":72,"column":76}}]},"3":{"loc":{"start":{"line":77,"column":10},"end":{"line":80,"column":11}},"type":"if","locations":[{"start":{"line":77,"column":10},"end":{"line":80,"column":11}},{"start":{},"end":{}}]},"4":{"loc":{"start":{"line":118,"column":8},"end":{"line":124,"column":9}},"type":"if","locations":[{"start":{"line":118,"column":8},"end":{"line":124,"column":9}},{"start":{},"end":{}}]},"5":{"loc":{"start":{"line":132,"column":44},"end":{"line":132,"column":64}},"type":"binary-expr","locations":[{"start":{"line":132,"column":44},"end":{"line":132,"column":52}},{"start":{"line":132,"column":56},"end":{"line":132,"column":64}}]},"6":{"loc":{"start":{"line":50,"column":62},"end":{"line":50,"column":null}},"type":"cond-expr","locations":[{"start":{"line":50,"column":74},"end":{"line":50,"column":null}},{"start":{"line":50,"column":74},"end":{"line":50,"column":null}}]},"7":{"loc":{"start":{"line":50,"column":62},"end":{"line":50,"column":74}},"type":"binary-expr","locations":[{"start":{"line":50,"column":62},"end":{"line":50,"column":null}},{"start":{"line":50,"column":62},"end":{"line":50,"column":74}}]},"8":{"loc":{"start":{"line":50,"column":74},"end":{"line":51,"column":null}},"type":"cond-expr","locations":[{"start":{"line":51,"column":57},"end":{"line":51,"column":null}},{"start":{"line":51,"column":57},"end":{"line":51,"column":null}}]},"9":{"loc":{"start":{"line":50,"column":74},"end":{"line":51,"column":57}},"type":"binary-expr","locations":[{"start":{"line":50,"column":74},"end":{"line":51,"column":null}},{"start":{"line":51,"column":41},"end":{"line":51,"column":57}}]},"10":{"loc":{"start":{"line":51,"column":57},"end":{"line":52,"column":null}},"type":"cond-expr","locations":[{"start":{"line":52,"column":55},"end":{"line":52,"column":null}},{"start":{"line":52,"column":55},"end":{"line":52,"column":null}}]},"11":{"loc":{"start":{"line":51,"column":57},"end":{"line":52,"column":55}},"type":"binary-expr","locations":[{"start":{"line":51,"column":57},"end":{"line":52,"column":null}},{"start":{"line":52,"column":40},"end":{"line":52,"column":55}}]},"12":{"loc":{"start":{"line":52,"column":55},"end":{"line":53,"column":null}},"type":"cond-expr","locations":[{"start":{"line":53,"column":43},"end":{"line":53,"column":null}},{"start":{"line":53,"column":43},"end":{"line":53,"column":null}}]},"13":{"loc":{"start":{"line":52,"column":55},"end":{"line":53,"column":43}},"type":"binary-expr","locations":[{"start":{"line":52,"column":55},"end":{"line":53,"column":null}},{"start":{"line":53,"column":34},"end":{"line":53,"column":43}}]},"14":{"loc":{"start":{"line":53,"column":43},"end":{"line":54,"column":null}},"type":"cond-expr","locations":[{"start":{"line":54,"column":51},"end":{"line":54,"column":null}},{"start":{"line":54,"column":51},"end":{"line":54,"column":null}}]},"15":{"loc":{"start":{"line":53,"column":43},"end":{"line":54,"column":51}},"type":"binary-expr","locations":[{"start":{"line":53,"column":43},"end":{"line":54,"column":null}},{"start":{"line":54,"column":38},"end":{"line":54,"column":51}}]}},"s":{"0":0,"1":0,"2":0,"3":0,"4":0,"5":0,"6":0,"7":0,"8":0,"9":0,"10":0,"11":0,"12":0,"13":0,"14":0,"15":0,"16":0,"17":0,"18":0,"19":0,"20":0,"21":0,"22":0,"23":0,"24":0,"25":0,"26":0,"27":0,"28":0,"29":0,"30":0,"31":0,"32":0,"33":0,"34":0,"35":0,"36":0,"37":0,"38":0,"39":0,"40":0,"41":0,"42":0,"43":0,"44":0,"45":0,"46":0,"47":0,"48":0,"49":0,"50":0,"51":0,"52":0},"f":{"0":0,"1":0,"2":0,"3":0,"4":0,"5":0,"6":0,"7":0,"8":0,"9":0},"b":{"0":[0,0],"1":[0,0],"2":[0,0],"3":[0,0],"4":[0,0],"5":[0,0],"6":[0,0],"7":[0,0],"8":[0,0],"9":[0,0],"10":[0,0],"11":[0,0],"12":[0,0],"13":[0,0],"14":[0,0],"15":[0,0]}}
,"/Users/godohwan/개발자료/NODEJS_STUDY/nestjs-study/src/core/cache/cache.service.ts": {"path":"/Users/godohwan/개발자료/NODEJS_STUDY/nestjs-study/src/core/cache/cache.service.ts","statementMap":{"0":{"start":{"line":1,"column":0},"end":{"line":1,"column":52}},"1":{"start":{"line":2,"column":0},"end":{"line":2,"column":32}},"2":{"start":{"line":3,"column":0},"end":{"line":3,"column":51}},"3":{"start":{"line":5,"column":7},"end":{"line":49,"column":null}},"4":{"start":{"line":6,"column":55},"end":{"line":6,"column":62}},"5":{"start":{"line":9,"column":4},"end":{"line":9,"column":39}},"6":{"start":{"line":13,"column":17},"end":{"line":13,"column":42}},"7":{"start":{"line":14,"column":4},"end":{"line":16,"column":5}},"8":{"start":{"line":15,"column":6},"end":{"line":15,"column":30}},"9":{"start":{"line":18,"column":4},"end":{"line":18,"column":16}},"10":{"start":{"line":26,"column":28},"end":{"line":26,"column":49}},"11":{"start":{"line":28,"column":4},"end":{"line":28,"column":47}},"12":{"start":{"line":29,"column":4},"end":{"line":29,"column":32}},"13":{"start":{"line":33,"column":4},"end":{"line":33,"column":30}},"14":{"start":{"line":37,"column":4},"end":{"line":37,"column":46}},"15":{"start":{"line":41,"column":17},"end":{"line":41,"column":54}},"16":{"start":{"line":43,"column":4},"end":{"line":43,"column":43}},"17":{"start":{"line":47,"column":4},"end":{"line":47,"column":49}},"18":{"start":{"line":5,"column":13},"end":{"line":5,"column":25}},"19":{"start":{"line":5,"column":13},"end":{"line":49,"column":null}}},"fnMap":{"0":{"name":"(anonymous_4)","decl":{"start":{"line":6,"column":2},"end":{"line":6,"column":15}},"loc":{"start":{"line":6,"column":67},"end":{"line":6,"column":71}}},"1":{"name":"(anonymous_5)","decl":{"start":{"line":8,"column":10},"end":{"line":8,"column":15}},"loc":{"start":{"line":8,"column":51},"end":{"line":10,"column":3}}},"2":{"name":"(anonymous_6)","decl":{"start":{"line":12,"column":9},"end":{"line":12,"column":14}},"loc":{"start":{"line":12,"column":30},"end":{"line":19,"column":3}}},"3":{"name":"(anonymous_7)","decl":{"start":{"line":21,"column":9},"end":{"line":21,"column":14}},"loc":{"start":{"line":24,"column":16},"end":{"line":30,"column":3}}},"4":{"name":"(anonymous_8)","decl":{"start":{"line":32,"column":9},"end":{"line":32,"column":14}},"loc":{"start":{"line":32,"column":30},"end":{"line":34,"column":3}}},"5":{"name":"(anonymous_9)","decl":{"start":{"line":36,"column":9},"end":{"line":36,"column":14}},"loc":{"start":{"line":36,"column":61},"end":{"line":38,"column":3}}},"6":{"name":"(anonymous_10)","decl":{"start":{"line":40,"column":9},"end":{"line":40,"column":14}},"loc":{"start":{"line":40,"column":50},"end":{"line":44,"column":3}}},"7":{"name":"(anonymous_11)","decl":{"start":{"line":46,"column":9},"end":{"line":46,"column":14}},"loc":{"start":{"line":46,"column":64},"end":{"line":48,"column":3}}}},"branchMap":{"0":{"loc":{"start":{"line":8,"column":36},"end":{"line":8,"column":51}},"type":"default-arg","locations":[{"start":{"line":8,"column":50},"end":{"line":8,"column":51}}]},"1":{"loc":{"start":{"line":14,"column":4},"end":{"line":16,"column":5}},"type":"if","locations":[{"start":{"line":14,"column":4},"end":{"line":16,"column":5}},{"start":{},"end":{}}]},"2":{"loc":{"start":{"line":43,"column":11},"end":{"line":43,"column":42}},"type":"cond-expr","locations":[{"start":{"line":43,"column":27},"end":{"line":43,"column":35}},{"start":{"line":43,"column":38},"end":{"line":43,"column":42}}]},"3":{"loc":{"start":{"line":6,"column":62},"end":{"line":6,"column":70}},"type":"cond-expr","locations":[{"start":{"line":6,"column":67},"end":{"line":6,"column":70}},{"start":{"line":6,"column":67},"end":{"line":6,"column":70}}]},"4":{"loc":{"start":{"line":6,"column":62},"end":{"line":6,"column":67}},"type":"binary-expr","locations":[{"start":{"line":6,"column":62},"end":{"line":6,"column":70}},{"start":{"line":6,"column":62},"end":{"line":6,"column":67}}]}},"s":{"0":2,"1":2,"2":2,"3":2,"4":0,"5":0,"6":0,"7":0,"8":0,"9":0,"10":0,"11":0,"12":0,"13":0,"14":0,"15":0,"16":0,"17":0,"18":2,"19":2},"f":{"0":0,"1":0,"2":0,"3":0,"4":0,"5":0,"6":0,"7":0},"b":{"0":[0],"1":[0,0],"2":[0,0],"3":[2,0],"4":[2,2]}}
,"/Users/godohwan/개발자료/NODEJS_STUDY/nestjs-study/src/core/cls/cls.module.ts": {"path":"/Users/godohwan/개발자료/NODEJS_STUDY/nestjs-study/src/core/cls/cls.module.ts","statementMap":{"0":{"start":{"line":1,"column":0},"end":{"line":1,"column":40}},"1":{"start":{"line":2,"column":0},"end":{"line":2,"column":56}},"2":{"start":{"line":3,"column":0},"end":{"line":3,"column":54}},"3":{"start":{"line":18,"column":7},"end":{"line":18,"column":null}},"4":{"start":{"line":18,"column":13},"end":{"line":18,"column":22}},"5":{"start":{"line":18,"column":13},"end":{"line":18,"column":null}}},"fnMap":{},"branchMap":{},"s":{"0":0,"1":0,"2":0,"3":0,"4":0,"5":0},"f":{},"b":{}}
,"/Users/godohwan/개발자료/NODEJS_STUDY/nestjs-study/src/core/cls/cls.service.ts": {"path":"/Users/godohwan/개발자료/NODEJS_STUDY/nestjs-study/src/core/cls/cls.service.ts","statementMap":{"0":{"start":{"line":1,"column":0},"end":{"line":1,"column":44}},"1":{"start":{"line":2,"column":0},"end":{"line":2,"column":40}},"2":{"start":{"line":5,"column":7},"end":{"line":11,"column":null}},"3":{"start":{"line":6,"column":31},"end":{"line":6,"column":36}},"4":{"start":{"line":9,"column":4},"end":{"line":9,"column":28}},"5":{"start":{"line":5,"column":13},"end":{"line":5,"column":34}},"6":{"start":{"line":5,"column":13},"end":{"line":11,"column":null}}},"fnMap":{"0":{"name":"(anonymous_2)","decl":{"start":{"line":6,"column":2},"end":{"line":6,"column":31}},"loc":{"start":{"line":6,"column":46},"end":{"line":6,"column":50}}},"1":{"name":"(anonymous_3)","decl":{"start":{"line":8,"column":2},"end":{"line":8,"column":14}},"loc":{"start":{"line":8,"column":14},"end":{"line":10,"column":3}}}},"branchMap":{"0":{"loc":{"start":{"line":6,"column":36},"end":{"line":6,"column":49}},"type":"cond-expr","locations":[{"start":{"line":6,"column":46},"end":{"line":6,"column":49}},{"start":{"line":6,"column":46},"end":{"line":6,"column":49}}]},"1":{"loc":{"start":{"line":6,"column":36},"end":{"line":6,"column":46}},"type":"binary-expr","locations":[{"start":{"line":6,"column":36},"end":{"line":6,"column":49}},{"start":{"line":6,"column":36},"end":{"line":6,"column":46}}]}},"s":{"0":0,"1":0,"2":0,"3":0,"4":0,"5":0,"6":0},"f":{"0":0,"1":0},"b":{"0":[0,0],"1":[0,0]}}
,"/Users/godohwan/개발자료/NODEJS_STUDY/nestjs-study/src/core/config/config.module.ts": {"path":"/Users/godohwan/개발자료/NODEJS_STUDY/nestjs-study/src/core/config/config.module.ts","statementMap":{"0":{"start":{"line":1,"column":0},"end":{"line":1,"column":48}},"1":{"start":{"line":2,"column":0},"end":{"line":2,"column":59}},"2":{"start":{"line":3,"column":0},"end":{"line":3,"column":49}},"3":{"start":{"line":4,"column":0},"end":{"line":4,"column":53}},"4":{"start":{"line":17,"column":7},"end":{"line":17,"column":null}},"5":{"start":{"line":17,"column":13},"end":{"line":17,"column":25}},"6":{"start":{"line":17,"column":13},"end":{"line":17,"column":null}}},"fnMap":{},"branchMap":{},"s":{"0":0,"1":0,"2":0,"3":0,"4":0,"5":0,"6":0},"f":{},"b":{}}
,"/Users/godohwan/개발자료/NODEJS_STUDY/nestjs-study/src/core/config/config.service.ts": {"path":"/Users/godohwan/개발자료/NODEJS_STUDY/nestjs-study/src/core/config/config.service.ts","statementMap":{"0":{"start":{"line":1,"column":0},"end":{"line":1,"column":44}},"1":{"start":{"line":2,"column":0},"end":{"line":2,"column":47}},"2":{"start":{"line":13,"column":7},"end":{"line":35,"column":null}},"3":{"start":{"line":14,"column":31},"end":{"line":14,"column":46}},"4":{"start":{"line":17,"column":4},"end":{"line":17,"column":48}},"5":{"start":{"line":21,"column":4},"end":{"line":21,"column":47}},"6":{"start":{"line":25,"column":4},"end":{"line":25,"column":52}},"7":{"start":{"line":29,"column":4},"end":{"line":29,"column":50}},"8":{"start":{"line":33,"column":4},"end":{"line":33,"column":48}},"9":{"start":{"line":13,"column":13},"end":{"line":13,"column":30}},"10":{"start":{"line":13,"column":13},"end":{"line":35,"column":null}}},"fnMap":{"0":{"name":"(anonymous_2)","decl":{"start":{"line":14,"column":2},"end":{"line":14,"column":31}},"loc":{"start":{"line":14,"column":75},"end":{"line":14,"column":79}}},"1":{"name":"(anonymous_3)","decl":{"start":{"line":16,"column":2},"end":{"line":16,"column":14}},"loc":{"start":{"line":16,"column":14},"end":{"line":18,"column":3}}},"2":{"name":"(anonymous_4)","decl":{"start":{"line":20,"column":2},"end":{"line":20,"column":13}},"loc":{"start":{"line":20,"column":13},"end":{"line":22,"column":3}}},"3":{"name":"(anonymous_5)","decl":{"start":{"line":24,"column":2},"end":{"line":24,"column":18}},"loc":{"start":{"line":24,"column":18},"end":{"line":26,"column":3}}},"4":{"name":"(anonymous_6)","decl":{"start":{"line":28,"column":2},"end":{"line":28,"column":16}},"loc":{"start":{"line":28,"column":16},"end":{"line":30,"column":3}}},"5":{"name":"(anonymous_7)","decl":{"start":{"line":32,"column":2},"end":{"line":32,"column":14}},"loc":{"start":{"line":32,"column":14},"end":{"line":34,"column":3}}}},"branchMap":{"0":{"loc":{"start":{"line":14,"column":46},"end":{"line":14,"column":75}},"type":"cond-expr","locations":[{"start":{"line":14,"column":59},"end":{"line":14,"column":75}},{"start":{"line":14,"column":59},"end":{"line":14,"column":75}}]},"1":{"loc":{"start":{"line":14,"column":46},"end":{"line":14,"column":59}},"type":"binary-expr","locations":[{"start":{"line":14,"column":46},"end":{"line":14,"column":75}},{"start":{"line":14,"column":46},"end":{"line":14,"column":59}}]}},"s":{"0":2,"1":2,"2":2,"3":0,"4":0,"5":0,"6":0,"7":0,"8":0,"9":2,"10":2},"f":{"0":0,"1":0,"2":0,"3":0,"4":0,"5":0},"b":{"0":[2,0],"1":[2,2]}}
,"/Users/godohwan/개발자료/NODEJS_STUDY/nestjs-study/src/core/config/configuration.ts": {"path":"/Users/godohwan/개발자료/NODEJS_STUDY/nestjs-study/src/core/config/configuration.ts","statementMap":{"0":{"start":{"line":1,"column":0},"end":{"line":1,"column":46}},"1":{"start":{"line":3,"column":30},"end":{"line":36,"column":1}},"2":{"start":{"line":4,"column":15},"end":{"line":4,"column":48}},"3":{"start":{"line":6,"column":2},"end":{"line":35,"column":4}},"4":{"start":{"line":3,"column":13},"end":{"line":3,"column":30}}},"fnMap":{"0":{"name":"(anonymous_0)","decl":{"start":{"line":3,"column":30},"end":{"line":3,"column":49}},"loc":{"start":{"line":3,"column":51},"end":{"line":36,"column":1}}}},"branchMap":{"0":{"loc":{"start":{"line":4,"column":15},"end":{"line":4,"column":48}},"type":"cond-expr","locations":[{"start":{"line":4,"column":35},"end":{"line":4,"column":39}},{"start":{"line":4,"column":39},"end":{"line":4,"column":48}}]},"1":{"loc":{"start":{"line":4,"column":15},"end":{"line":4,"column":39}},"type":"binary-expr","locations":[{"start":{"line":4,"column":15},"end":{"line":4,"column":39}},{"start":{"line":4,"column":35},"end":{"line":4,"column":39}}]},"2":{"loc":{"start":{"line":8,"column":12},"end":{"line":8,"column":34}},"type":"binary-expr","locations":[{"start":{"line":8,"column":12},"end":{"line":8,"column":28}},{"start":{"line":8,"column":32},"end":{"line":8,"column":34}}]},"3":{"loc":{"start":{"line":9,"column":16},"end":{"line":9,"column":42}},"type":"binary-expr","locations":[{"start":{"line":9,"column":16},"end":{"line":9,"column":36}},{"start":{"line":9,"column":40},"end":{"line":9,"column":42}}]},"4":{"loc":{"start":{"line":10,"column":12},"end":{"line":10,"column":36}},"type":"binary-expr","locations":[{"start":{"line":10,"column":12},"end":{"line":10,"column":28}},{"start":{"line":10,"column":32},"end":{"line":10,"column":36}}]},"5":{"loc":{"start":{"line":11,"column":16},"end":{"line":11,"column":47}},"type":"binary-expr","locations":[{"start":{"line":11,"column":16},"end":{"line":11,"column":36}},{"start":{"line":11,"column":40},"end":{"line":11,"column":47}}]},"6":{"loc":{"start":{"line":15,"column":15},"end":{"line":15,"column":40}},"type":"binary-expr","locations":[{"start":{"line":15,"column":15},"end":{"line":15,"column":34}},{"start":{"line":15,"column":38},"end":{"line":15,"column":40}}]},"7":{"loc":{"start":{"line":16,"column":20},"end":{"line":16,"column":50}},"type":"binary-expr","locations":[{"start":{"line":16,"column":20},"end":{"line":16,"column":44}},{"start":{"line":16,"column":48},"end":{"line":16,"column":50}}]},"8":{"loc":{"start":{"line":17,"column":19},"end":{"line":17,"column":48}},"type":"binary-expr","locations":[{"start":{"line":17,"column":19},"end":{"line":17,"column":42}},{"start":{"line":17,"column":46},"end":{"line":17,"column":48}}]},"9":{"loc":{"start":{"line":18,"column":19},"end":{"line":18,"column":48}},"type":"binary-expr","locations":[{"start":{"line":18,"column":19},"end":{"line":18,"column":42}},{"start":{"line":18,"column":46},"end":{"line":18,"column":48}}]},"10":{"loc":{"start":{"line":19,"column":15},"end":{"line":19,"column":42}},"type":"binary-expr","locations":[{"start":{"line":19,"column":15},"end":{"line":19,"column":34}},{"start":{"line":19,"column":38},"end":{"line":19,"column":42}}]},"11":{"loc":{"start":{"line":22,"column":19},"end":{"line":22,"column":48}},"type":"binary-expr","locations":[{"start":{"line":22,"column":19},"end":{"line":22,"column":42}},{"start":{"line":22,"column":46},"end":{"line":22,"column":48}}]},"12":{"loc":{"start":{"line":23,"column":24},"end":{"line":23,"column":58}},"type":"binary-expr","locations":[{"start":{"line":23,"column":24},"end":{"line":23,"column":52}},{"start":{"line":23,"column":56},"end":{"line":23,"column":58}}]},"13":{"loc":{"start":{"line":26,"column":12},"end":{"line":26,"column":40}},"type":"binary-expr","locations":[{"start":{"line":26,"column":12},"end":{"line":26,"column":34}},{"start":{"line":26,"column":38},"end":{"line":26,"column":40}}]},"14":{"loc":{"start":{"line":27,"column":12},"end":{"line":27,"column":42}},"type":"binary-expr","locations":[{"start":{"line":27,"column":12},"end":{"line":27,"column":34}},{"start":{"line":27,"column":38},"end":{"line":27,"column":42}}]},"15":{"loc":{"start":{"line":30,"column":25},"end":{"line":30,"column":60}},"type":"binary-expr","locations":[{"start":{"line":30,"column":25},"end":{"line":30,"column":54}},{"start":{"line":30,"column":58},"end":{"line":30,"column":60}}]},"16":{"loc":{"start":{"line":31,"column":26},"end":{"line":31,"column":62}},"type":"binary-expr","locations":[{"start":{"line":31,"column":26},"end":{"line":31,"column":56}},{"start":{"line":31,"column":60},"end":{"line":31,"column":62}}]},"17":{"loc":{"start":{"line":32,"column":29},"end":{"line":32,"column":68}},"type":"binary-expr","locations":[{"start":{"line":32,"column":29},"end":{"line":32,"column":62}},{"start":{"line":32,"column":66},"end":{"line":32,"column":68}}]},"18":{"loc":{"start":{"line":33,"column":30},"end":{"line":33,"column":70}},"type":"binary-expr","locations":[{"start":{"line":33,"column":30},"end":{"line":33,"column":64}},{"start":{"line":33,"column":68},"end":{"line":33,"column":70}}]}},"s":{"0":0,"1":0,"2":0,"3":0,"4":0},"f":{"0":0},"b":{"0":[0,0],"1":[0,0],"2":[0,0],"3":[0,0],"4":[0,0],"5":[0,0],"6":[0,0],"7":[0,0],"8":[0,0],"9":[0,0],"10":[0,0],"11":[0,0],"12":[0,0],"13":[0,0],"14":[0,0],"15":[0,0],"16":[0,0],"17":[0,0],"18":[0,0]}}
,"/Users/godohwan/개발자료/NODEJS_STUDY/nestjs-study/src/core/config/index.ts": {"path":"/Users/godohwan/개발자료/NODEJS_STUDY/nestjs-study/src/core/config/index.ts","statementMap":{"0":{"start":{"line":1,"column":0},"end":{"line":1,"column":null}},"1":{"start":{"line":2,"column":2},"end":{"line":2,"column":null}},"2":{"start":{"line":3,"column":2},"end":{"line":3,"column":null}},"3":{"start":{"line":4,"column":2},"end":{"line":4,"column":null}},"4":{"start":{"line":5,"column":2},"end":{"line":5,"column":null}}},"fnMap":{"0":{"name":"(anonymous_0)","decl":{"start":{"line":1,"column":0},"end":{"line":1,"column":12}},"loc":{"start":{"line":1,"column":15},"end":{"line":6,"column":1}}}},"branchMap":{"0":{"loc":{"start":{"line":1,"column":12},"end":{"line":1,"column":null}},"type":"binary-expr","locations":[{"start":{"line":1,"column":12},"end":{"line":1,"column":15}},{"start":{"line":1,"column":15},"end":{"line":1,"column":null}}]}},"s":{"0":2,"1":2,"2":2,"3":2,"4":2},"f":{"0":2},"b":{"0":[2,2]}}
,"/Users/godohwan/개발자료/NODEJS_STUDY/nestjs-study/src/core/database/mongoose/mongoose.module.ts": {"path":"/Users/godohwan/개발자료/NODEJS_STUDY/nestjs-study/src/core/database/mongoose/mongoose.module.ts","statementMap":{"0":{"start":{"line":2,"column":0},"end":{"line":2,"column":46}},"1":{"start":{"line":3,"column":0},"end":{"line":3,"column":null}},"2":{"start":{"line":7,"column":0},"end":{"line":7,"column":67}},"3":{"start":{"line":13,"column":4},"end":{"line":54,"column":5}},"4":{"start":{"line":14,"column":6},"end":{"line":53,"column":9}},"5":{"start":{"line":20,"column":30},"end":{"line":20,"column":62}},"6":{"start":{"line":22,"column":49},"end":{"line":49,"column":12}},"7":{"start":{"line":26,"column":14},"end":{"line":28,"column":17}},"8":{"start":{"line":27,"column":16},"end":{"line":27,"column":62}},"9":{"start":{"line":30,"column":14},"end":{"line":32,"column":17}},"10":{"start":{"line":31,"column":16},"end":{"line":31,"column":66}},"11":{"start":{"line":34,"column":14},"end":{"line":36,"column":17}},"12":{"start":{"line":35,"column":16},"end":{"line":35,"column":52}},"13":{"start":{"line":39,"column":14},"end":{"line":45,"column":17}},"14":{"start":{"line":40,"column":16},"end":{"line":40,"column":41}},"15":{"start":{"line":41,"column":16},"end":{"line":43,"column":18}},"16":{"start":{"line":44,"column":16},"end":{"line":44,"column":32}},"17":{"start":{"line":47,"column":14},"end":{"line":47,"column":32}},"18":{"start":{"line":51,"column":10},"end":{"line":51,"column":25}},"19":{"start":{"line":56,"column":4},"end":{"line":56,"column":25}},"20":{"start":{"line":60,"column":4},"end":{"line":60,"column":49}},"21":{"start":{"line":9,"column":0},"end":{"line":9,"column":13}}},"fnMap":{"0":{"name":"(anonymous_0)","decl":{"start":{"line":12,"column":2},"end":{"line":12,"column":8}},"loc":{"start":{"line":12,"column":16},"end":{"line":57,"column":3}}},"1":{"name":"(anonymous_1)","decl":{"start":{"line":17,"column":20},"end":{"line":17,"column":25}},"loc":{"start":{"line":19,"column":44},"end":{"line":52,"column":9}}},"2":{"name":"(anonymous_2)","decl":{"start":{"line":25,"column":31},"end":{"line":25,"column":32}},"loc":{"start":{"line":25,"column":46},"end":{"line":48,"column":13}}},"3":{"name":"(anonymous_3)","decl":{"start":{"line":26,"column":41},"end":{"line":26,"column":44}},"loc":{"start":{"line":26,"column":46},"end":{"line":28,"column":15}}},"4":{"name":"(anonymous_4)","decl":{"start":{"line":30,"column":37},"end":{"line":30,"column":38}},"loc":{"start":{"line":30,"column":52},"end":{"line":32,"column":15}}},"5":{"name":"(anonymous_5)","decl":{"start":{"line":34,"column":44},"end":{"line":34,"column":47}},"loc":{"start":{"line":34,"column":49},"end":{"line":36,"column":15}}},"6":{"name":"(anonymous_6)","decl":{"start":{"line":39,"column":35},"end":{"line":39,"column":40}},"loc":{"start":{"line":39,"column":46},"end":{"line":45,"column":15}}},"7":{"name":"(anonymous_7)","decl":{"start":{"line":59,"column":2},"end":{"line":59,"column":8}},"loc":{"start":{"line":59,"column":34},"end":{"line":61,"column":3}}}},"branchMap":{"0":{"loc":{"start":{"line":13,"column":4},"end":{"line":54,"column":5}},"type":"if","locations":[{"start":{"line":13,"column":4},"end":{"line":54,"column":5}},{"start":{},"end":{}}]}},"s":{"0":0,"1":0,"2":0,"3":0,"4":0,"5":0,"6":0,"7":0,"8":0,"9":0,"10":0,"11":0,"12":0,"13":0,"14":0,"15":0,"16":0,"17":0,"18":0,"19":0,"20":0,"21":0},"f":{"0":0,"1":0,"2":0,"3":0,"4":0,"5":0,"6":0,"7":0},"b":{"0":[0,0]}}
,"/Users/godohwan/개발자료/NODEJS_STUDY/nestjs-study/src/core/database/typeorm/base.entity.ts": {"path":"/Users/godohwan/개발자료/NODEJS_STUDY/nestjs-study/src/core/database/typeorm/base.entity.ts","statementMap":{"0":{"start":{"line":1,"column":0},"end":{"line":1,"column":43}},"1":{"start":{"line":2,"column":0},"end":{"line":2,"column":null}},"2":{"start":{"line":9,"column":0},"end":{"line":9,"column":26}},"3":{"start":{"line":12,"column":0},"end":{"line":12,"column":13}},"4":{"start":{"line":15,"column":4},"end":{"line":15,"column":null}},"5":{"start":{"line":19,"column":4},"end":{"line":19,"column":null}},"6":{"start":{"line":23,"column":4},"end":{"line":23,"column":null}},"7":{"start":{"line":33,"column":8},"end":{"line":33,"column":37}},"8":{"start":{"line":33,"column":22},"end":{"line":33,"column":37}},"9":{"start":{"line":26,"column":0},"end":{"line":26,"column":13}},"10":{"start":{"line":29,"column":4},"end":{"line":29,"column":null}},"11":{"start":{"line":32,"column":4},"end":{"line":34,"column":null}}},"fnMap":{"0":{"name":"(anonymous_2)","decl":{"start":{"line":32,"column":4},"end":{"line":32,"column":16}},"loc":{"start":{"line":32,"column":16},"end":{"line":34,"column":5}}}},"branchMap":{"0":{"loc":{"start":{"line":15,"column":14},"end":{"line":15,"column":19}},"type":"cond-expr","locations":[{"start":{"line":15,"column":18},"end":{"line":15,"column":19}},{"start":{"line":15,"column":18},"end":{"line":15,"column":19}}]},"1":{"loc":{"start":{"line":15,"column":14},"end":{"line":15,"column":18}},"type":"binary-expr","locations":[{"start":{"line":15,"column":14},"end":{"line":15,"column":19}},{"start":{"line":15,"column":14},"end":{"line":15,"column":18}}]},"2":{"loc":{"start":{"line":19,"column":15},"end":{"line":19,"column":20}},"type":"cond-expr","locations":[{"start":{"line":19,"column":19},"end":{"line":19,"column":20}},{"start":{"line":19,"column":19},"end":{"line":19,"column":20}}]},"3":{"loc":{"start":{"line":19,"column":15},"end":{"line":19,"column":19}},"type":"binary-expr","locations":[{"start":{"line":19,"column":15},"end":{"line":19,"column":20}},{"start":{"line":19,"column":15},"end":{"line":19,"column":19}}]},"4":{"loc":{"start":{"line":33,"column":8},"end":{"line":33,"column":37}},"type":"if","locations":[{"start":{"line":33,"column":8},"end":{"line":33,"column":37}},{"start":{},"end":{}}]}},"s":{"0":2,"1":2,"2":2,"3":2,"4":2,"5":2,"6":2,"7":0,"8":0,"9":2,"10":2,"11":2},"f":{"0":0},"b":{"0":[2,0],"1":[2,2],"2":[2,0],"3":[2,2],"4":[0,0]}}
,"/Users/godohwan/개발자료/NODEJS_STUDY/nestjs-study/src/core/database/typeorm/generic-typeorm.repository.ts": {"path":"/Users/godohwan/개발자료/NODEJS_STUDY/nestjs-study/src/core/database/typeorm/generic-typeorm.repository.ts","statementMap":{"0":{"start":{"line":2,"column":0},"end":{"line":2,"column":null}},"1":{"start":{"line":16,"column":0},"end":{"line":16,"column":51}},"2":{"start":{"line":18,"column":0},"end":{"line":18,"column":77}},"3":{"start":{"line":32,"column":6},"end":{"line":32,"column":42}},"4":{"start":{"line":44,"column":30},"end":{"line":44,"column":40}},"5":{"start":{"line":45,"column":42},"end":{"line":51,"column":8}},"6":{"start":{"line":52,"column":28},"end":{"line":52,"column":60}},"7":{"start":{"line":54,"column":6},"end":{"line":59,"column":17}},"8":{"start":{"line":68,"column":41},"end":{"line":73,"column":8}},"9":{"start":{"line":74,"column":18},"end":{"line":74,"column":48}},"10":{"start":{"line":75,"column":6},"end":{"line":75,"column":52}},"11":{"start":{"line":84,"column":41},"end":{"line":89,"column":8}},"12":{"start":{"line":90,"column":18},"end":{"line":90,"column":48}},"13":{"start":{"line":92,"column":6},"end":{"line":96,"column":7}},"14":{"start":{"line":93,"column":8},"end":{"line":93,"column":49}},"15":{"start":{"line":98,"column":6},"end":{"line":98,"column":44}},"16":{"start":{"line":109,"column":42},"end":{"line":114,"column":8}},"17":{"start":{"line":115,"column":18},"end":{"line":115,"column":45}},"18":{"start":{"line":116,"column":6},"end":{"line":116,"column":51}},"19":{"start":{"line":124,"column":41},"end":{"line":127,"column":8}},"20":{"start":{"line":129,"column":18},"end":{"line":129,"column":48}},"21":{"start":{"line":130,"column":6},"end":{"line":130,"column":17}},"22":{"start":{"line":134,"column":18},"end":{"line":134,"column":35}},"23":{"start":{"line":135,"column":6},"end":{"line":135,"column":17}},"24":{"start":{"line":142,"column":42},"end":{"line":145,"column":8}},"25":{"start":{"line":146,"column":18},"end":{"line":146,"column":45}},"26":{"start":{"line":147,"column":6},"end":{"line":147,"column":17}},"27":{"start":{"line":154,"column":41},"end":{"line":157,"column":8}},"28":{"start":{"line":158,"column":18},"end":{"line":158,"column":48}},"29":{"start":{"line":160,"column":6},"end":{"line":166,"column":7}},"30":{"start":{"line":161,"column":34},"end":{"line":161,"column":36}},"31":{"start":{"line":162,"column":8},"end":{"line":164,"column":9}},"32":{"start":{"line":163,"column":10},"end":{"line":163,"column":43}},"33":{"start":{"line":165,"column":8},"end":{"line":165,"column":74}},"34":{"start":{"line":167,"column":6},"end":{"line":167,"column":17}},"35":{"start":{"line":171,"column":41},"end":{"line":171,"column":53}},"36":{"start":{"line":172,"column":18},"end":{"line":172,"column":48}},"37":{"start":{"line":174,"column":6},"end":{"line":176,"column":7}},"38":{"start":{"line":175,"column":8},"end":{"line":175,"column":58}},"39":{"start":{"line":177,"column":6},"end":{"line":177,"column":17}},"40":{"start":{"line":181,"column":42},"end":{"line":181,"column":68}},"41":{"start":{"line":182,"column":18},"end":{"line":182,"column":45}},"42":{"start":{"line":183,"column":6},"end":{"line":183,"column":17}},"43":{"start":{"line":187,"column":6},"end":{"line":187,"column":28}},"44":{"start":{"line":191,"column":6},"end":{"line":191,"column":37}},"45":{"start":{"line":192,"column":6},"end":{"line":192,"column":28}},"46":{"start":{"line":24,"column":2},"end":{"line":24,"column":15}}},"fnMap":{"0":{"name":"(anonymous_0)","decl":{"start":{"line":27,"column":4},"end":{"line":27,"column":null}},"loc":{"start":{"line":30,"column":30},"end":{"line":33,"column":5}}},"1":{"name":"(anonymous_1)","decl":{"start":{"line":36,"column":4},"end":{"line":36,"column":9}},"loc":{"start":{"line":42,"column":35},"end":{"line":60,"column":5}}},"2":{"name":"(anonymous_2)","decl":{"start":{"line":62,"column":4},"end":{"line":62,"column":9}},"loc":{"start":{"line":66,"column":27},"end":{"line":76,"column":5}}},"3":{"name":"(anonymous_3)","decl":{"start":{"line":78,"column":4},"end":{"line":78,"column":9}},"loc":{"start":{"line":82,"column":27},"end":{"line":99,"column":5}}},"4":{"name":"(anonymous_4)","decl":{"start":{"line":101,"column":4},"end":{"line":101,"column":9}},"loc":{"start":{"line":107,"column":27},"end":{"line":117,"column":5}}},"5":{"name":"(anonymous_5)","decl":{"start":{"line":119,"column":4},"end":{"line":119,"column":9}},"loc":{"start":{"line":121,"column":40},"end":{"line":131,"column":5}}},"6":{"name":"(anonymous_6)","decl":{"start":{"line":133,"column":4},"end":{"line":133,"column":9}},"loc":{"start":{"line":133,"column":17},"end":{"line":136,"column":5}}},"7":{"name":"(anonymous_7)","decl":{"start":{"line":138,"column":4},"end":{"line":138,"column":9}},"loc":{"start":{"line":140,"column":40},"end":{"line":148,"column":5}}},"8":{"name":"(anonymous_8)","decl":{"start":{"line":150,"column":4},"end":{"line":150,"column":9}},"loc":{"start":{"line":152,"column":40},"end":{"line":168,"column":5}}},"9":{"name":"(anonymous_9)","decl":{"start":{"line":170,"column":4},"end":{"line":170,"column":9}},"loc":{"start":{"line":170,"column":36},"end":{"line":178,"column":5}}},"10":{"name":"(anonymous_10)","decl":{"start":{"line":180,"column":4},"end":{"line":180,"column":9}},"loc":{"start":{"line":180,"column":33},"end":{"line":184,"column":5}}},"11":{"name":"(anonymous_11)","decl":{"start":{"line":186,"column":4},"end":{"line":186,"column":9}},"loc":{"start":{"line":186,"column":26},"end":{"line":188,"column":5}}},"12":{"name":"(anonymous_12)","decl":{"start":{"line":190,"column":4},"end":{"line":190,"column":9}},"loc":{"start":{"line":190,"column":31},"end":{"line":193,"column":5}}}},"branchMap":{"0":{"loc":{"start":{"line":92,"column":6},"end":{"line":96,"column":7}},"type":"if","locations":[{"start":{"line":92,"column":6},"end":{"line":96,"column":7}},{"start":{},"end":{}}]},"1":{"loc":{"start":{"line":160,"column":6},"end":{"line":166,"column":7}},"type":"if","locations":[{"start":{"line":160,"column":6},"end":{"line":166,"column":7}},{"start":{},"end":{}}]},"2":{"loc":{"start":{"line":174,"column":6},"end":{"line":176,"column":7}},"type":"if","locations":[{"start":{"line":174,"column":6},"end":{"line":176,"column":7}},{"start":{},"end":{}}]}},"s":{"0":2,"1":2,"2":2,"3":0,"4":0,"5":0,"6":0,"7":0,"8":0,"9":0,"10":0,"11":0,"12":0,"13":0,"14":0,"15":0,"16":0,"17":0,"18":0,"19":0,"20":0,"21":0,"22":0,"23":0,"24":0,"25":0,"26":0,"27":0,"28":0,"29":0,"30":0,"31":0,"32":0,"33":0,"34":0,"35":0,"36":0,"37":0,"38":0,"39":0,"40":0,"41":0,"42":0,"43":0,"44":0,"45":0,"46":2},"f":{"0":0,"1":0,"2":0,"3":0,"4":0,"5":0,"6":0,"7":0,"8":0,"9":0,"10":0,"11":0,"12":0},"b":{"0":[0,0],"1":[0,0],"2":[0,0]}}
,"/Users/godohwan/개발자료/NODEJS_STUDY/nestjs-study/src/core/database/typeorm/typeorm.interface.ts": {"path":"/Users/godohwan/개발자료/NODEJS_STUDY/nestjs-study/src/core/database/typeorm/typeorm.interface.ts","statementMap":{"0":{"start":{"line":32,"column":13},"end":{"line":34,"column":11}}},"fnMap":{},"branchMap":{},"s":{"0":0},"f":{},"b":{}}
,"/Users/godohwan/개발자료/NODEJS_STUDY/nestjs-study/src/core/database/typeorm/typeorm.module.ts": {"path":"/Users/godohwan/개발자료/NODEJS_STUDY/nestjs-study/src/core/database/typeorm/typeorm.module.ts","statementMap":{"0":{"start":{"line":2,"column":0},"end":{"line":2,"column":46}},"1":{"start":{"line":3,"column":0},"end":{"line":3,"column":null}},"2":{"start":{"line":7,"column":0},"end":{"line":7,"column":29}},"3":{"start":{"line":8,"column":0},"end":{"line":8,"column":38}},"4":{"start":{"line":9,"column":0},"end":{"line":9,"column":67}},"5":{"start":{"line":10,"column":0},"end":{"line":10,"column":56}},"6":{"start":{"line":11,"column":0},"end":{"line":11,"column":64}},"7":{"start":{"line":12,"column":0},"end":{"line":12,"column":null}},"8":{"start":{"line":21,"column":8},"end":{"line":59,"column":9}},"9":{"start":{"line":22,"column":12},"end":{"line":22,"column":45}},"10":{"start":{"line":24,"column":12},"end":{"line":58,"column":15}},"11":{"start":{"line":30,"column":37},"end":{"line":30,"column":64}},"12":{"start":{"line":31,"column":32},"end":{"line":31,"column":64}},"13":{"start":{"line":34,"column":24},"end":{"line":36,"column":84}},"14":{"start":{"line":38,"column":55},"end":{"line":49,"column":22}},"15":{"start":{"line":51,"column":20},"end":{"line":51,"column":35}},"16":{"start":{"line":54,"column":20},"end":{"line":54,"column":75}},"17":{"start":{"line":54,"column":33},"end":{"line":54,"column":75}},"18":{"start":{"line":56,"column":20},"end":{"line":56,"column":79}},"19":{"start":{"line":61,"column":8},"end":{"line":61,"column":29}},"20":{"start":{"line":17,"column":0},"end":{"line":17,"column":13}}},"fnMap":{"0":{"name":"(anonymous_9)","decl":{"start":{"line":20,"column":4},"end":{"line":20,"column":10}},"loc":{"start":{"line":20,"column":18},"end":{"line":62,"column":5}}},"1":{"name":"(anonymous_10)","decl":{"start":{"line":27,"column":28},"end":{"line":27,"column":33}},"loc":{"start":{"line":29,"column":51},"end":{"line":52,"column":17}}},"2":{"name":"(anonymous_11)","decl":{"start":{"line":53,"column":16},"end":{"line":53,"column":21}},"loc":{"start":{"line":53,"column":67},"end":{"line":57,"column":17}}}},"branchMap":{"0":{"loc":{"start":{"line":21,"column":8},"end":{"line":59,"column":9}},"type":"if","locations":[{"start":{"line":21,"column":8},"end":{"line":59,"column":9}},{"start":{},"end":{}}]},"1":{"loc":{"start":{"line":34,"column":24},"end":{"line":36,"column":84}},"type":"cond-expr","locations":[{"start":{"line":35,"column":26},"end":{"line":35,"column":84}},{"start":{"line":36,"column":26},"end":{"line":36,"column":84}}]},"2":{"loc":{"start":{"line":47,"column":37},"end":{"line":47,"column":68}},"type":"cond-expr","locations":[{"start":{"line":47,"column":56},"end":{"line":47,"column":60}},{"start":{"line":47,"column":63},"end":{"line":47,"column":68}}]},"3":{"loc":{"start":{"line":54,"column":20},"end":{"line":54,"column":75}},"type":"if","locations":[{"start":{"line":54,"column":20},"end":{"line":54,"column":75}},{"start":{},"end":{}}]}},"s":{"0":0,"1":0,"2":0,"3":0,"4":0,"5":0,"6":0,"7":0,"8":0,"9":0,"10":0,"11":0,"12":0,"13":0,"14":0,"15":0,"16":0,"17":0,"18":0,"19":0,"20":0},"f":{"0":0,"1":0,"2":0},"b":{"0":[0,0],"1":[0,0],"2":[0,0],"3":[0,0]}}
,"/Users/godohwan/개발자료/NODEJS_STUDY/nestjs-study/src/core/database/typeorm/seeds/001-user-.seeder.ts": {"path":"/Users/godohwan/개발자료/NODEJS_STUDY/nestjs-study/src/core/database/typeorm/seeds/001-user-.seeder.ts","statementMap":{"0":{"start":{"line":1,"column":0},"end":{"line":1,"column":53}},"1":{"start":{"line":4,"column":0},"end":{"line":4,"column":32}},"2":{"start":{"line":5,"column":0},"end":{"line":5,"column":59}},"3":{"start":{"line":9,"column":27},"end":{"line":9,"column":57}},"4":{"start":{"line":10,"column":18},"end":{"line":13,"column":6}},"5":{"start":{"line":15,"column":35},"end":{"line":112,"column":6}},"6":{"start":{"line":115,"column":25},"end":{"line":115,"column":53}},"7":{"start":{"line":118,"column":4},"end":{"line":118,"column":44}},"8":{"start":{"line":120,"column":4},"end":{"line":122,"column":5}},"9":{"start":{"line":121,"column":6},"end":{"line":121,"column":75}},"10":{"start":{"line":7,"column":0},"end":{"line":7,"column":21}}},"fnMap":{"0":{"name":"(anonymous_0)","decl":{"start":{"line":8,"column":9},"end":{"line":8,"column":14}},"loc":{"start":{"line":8,"column":41},"end":{"line":123,"column":3}}}},"branchMap":{"0":{"loc":{"start":{"line":121,"column":43},"end":{"line":121,"column":58}},"type":"cond-expr","locations":[{"start":{"line":121,"column":53},"end":{"line":121,"column":57}},{"start":{"line":121,"column":57},"end":{"line":121,"column":58}}]},"1":{"loc":{"start":{"line":121,"column":43},"end":{"line":121,"column":57}},"type":"binary-expr","locations":[{"start":{"line":121,"column":43},"end":{"line":121,"column":57}},{"start":{"line":121,"column":53},"end":{"line":121,"column":57}}]},"2":{"loc":{"start":{"line":121,"column":60},"end":{"line":121,"column":73}},"type":"cond-expr","locations":[{"start":{"line":121,"column":67},"end":{"line":121,"column":71}},{"start":{"line":121,"column":71},"end":{"line":121,"column":73}}]},"3":{"loc":{"start":{"line":121,"column":60},"end":{"line":121,"column":71}},"type":"binary-expr","locations":[{"start":{"line":121,"column":60},"end":{"line":121,"column":71}},{"start":{"line":121,"column":67},"end":{"line":121,"column":71}}]}},"s":{"0":0,"1":0,"2":0,"3":0,"4":0,"5":0,"6":0,"7":0,"8":0,"9":0,"10":0},"f":{"0":0},"b":{"0":[0,0],"1":[0,0],"2":[0,0],"3":[0,0]}}
,"/Users/godohwan/개발자료/NODEJS_STUDY/nestjs-study/src/core/decorator/currentRefreshToken.decorator.ts": {"path":"/Users/godohwan/개발자료/NODEJS_STUDY/nestjs-study/src/core/decorator/currentRefreshToken.decorator.ts","statementMap":{"0":{"start":{"line":1,"column":0},"end":{"line":1,"column":72}},"1":{"start":{"line":4,"column":13},"end":{"line":11,"column":2}},"2":{"start":{"line":6,"column":20},"end":{"line":6,"column":51}},"3":{"start":{"line":7,"column":47},"end":{"line":7,"column":59}},"4":{"start":{"line":9,"column":4},"end":{"line":9,"column":73}}},"fnMap":{"0":{"name":"(anonymous_0)","decl":{"start":{"line":5,"column":2},"end":{"line":5,"column":3}},"loc":{"start":{"line":5,"column":70},"end":{"line":10,"column":3}}}},"branchMap":{"0":{"loc":{"start":{"line":9,"column":11},"end":{"line":9,"column":72}},"type":"cond-expr","locations":[{"start":{"line":9,"column":18},"end":{"line":9,"column":40}},{"start":{"line":9,"column":43},"end":{"line":9,"column":72}}]}},"s":{"0":0,"1":0,"2":0,"3":0,"4":0},"f":{"0":0},"b":{"0":[0,0]}}
,"/Users/godohwan/개발자료/NODEJS_STUDY/nestjs-study/src/core/decorator/currentUser.decorator.ts": {"path":"/Users/godohwan/개발자료/NODEJS_STUDY/nestjs-study/src/core/decorator/currentUser.decorator.ts","statementMap":{"0":{"start":{"line":1,"column":0},"end":{"line":1,"column":72}},"1":{"start":{"line":4,"column":13},"end":{"line":15,"column":2}},"2":{"start":{"line":6,"column":20},"end":{"line":6,"column":51}},"3":{"start":{"line":7,"column":17},"end":{"line":7,"column":29}},"4":{"start":{"line":9,"column":4},"end":{"line":11,"column":5}},"5":{"start":{"line":10,"column":6},"end":{"line":10,"column":18}},"6":{"start":{"line":13,"column":4},"end":{"line":13,"column":36}}},"fnMap":{"0":{"name":"(anonymous_0)","decl":{"start":{"line":5,"column":2},"end":{"line":5,"column":3}},"loc":{"start":{"line":5,"column":58},"end":{"line":14,"column":3}}}},"branchMap":{"0":{"loc":{"start":{"line":9,"column":4},"end":{"line":11,"column":5}},"type":"if","locations":[{"start":{"line":9,"column":4},"end":{"line":11,"column":5}},{"start":{},"end":{}}]},"1":{"loc":{"start":{"line":13,"column":11},"end":{"line":13,"column":35}},"type":"cond-expr","locations":[{"start":{"line":13,"column":18},"end":{"line":13,"column":28}},{"start":{"line":13,"column":31},"end":{"line":13,"column":35}}]}},"s":{"0":1,"1":1,"2":0,"3":0,"4":0,"5":0,"6":0},"f":{"0":0},"b":{"0":[0,0],"1":[0,0]}}
,"/Users/godohwan/개발자료/NODEJS_STUDY/nestjs-study/src/core/decorator/isNullable.decorator.ts": {"path":"/Users/godohwan/개발자료/NODEJS_STUDY/nestjs-study/src/core/decorator/isNullable.decorator.ts","statementMap":{"0":{"start":{"line":4,"column":0},"end":{"line":4,"column":16}},"1":{"start":{"line":1,"column":0},"end":{"line":1,"column":49}},"2":{"start":{"line":2,"column":0},"end":{"line":2,"column":64}},"3":{"start":{"line":5,"column":2},"end":{"line":7,"column":4}},"4":{"start":{"line":6,"column":34},"end":{"line":6,"column":48}}},"fnMap":{"0":{"name":"IsNullable","decl":{"start":{"line":4,"column":16},"end":{"line":4,"column":26}},"loc":{"start":{"line":4,"column":64},"end":{"line":8,"column":1}}},"1":{"name":"(anonymous_1)","decl":{"start":{"line":6,"column":15},"end":{"line":6,"column":16}},"loc":{"start":{"line":6,"column":34},"end":{"line":6,"column":48}}}},"branchMap":{},"s":{"0":0,"1":0,"2":0,"3":0,"4":0},"f":{"0":0,"1":0},"b":{}}
,"/Users/godohwan/개발자료/NODEJS_STUDY/nestjs-study/src/core/decorator/public.decorator.ts": {"path":"/Users/godohwan/개발자료/NODEJS_STUDY/nestjs-study/src/core/decorator/public.decorator.ts","statementMap":{"0":{"start":{"line":1,"column":0},"end":{"line":1,"column":45}},"1":{"start":{"line":3,"column":13},"end":{"line":3,"column":40}},"2":{"start":{"line":4,"column":22},"end":{"line":4,"column":60}},"3":{"start":{"line":4,"column":28},"end":{"line":4,"column":60}},"4":{"start":{"line":4,"column":13},"end":{"line":4,"column":22}}},"fnMap":{"0":{"name":"(anonymous_0)","decl":{"start":{"line":4,"column":22},"end":{"line":4,"column":25}},"loc":{"start":{"line":4,"column":28},"end":{"line":4,"column":60}}}},"branchMap":{},"s":{"0":0,"1":0,"2":0,"3":0,"4":0},"f":{"0":0},"b":{}}
,"/Users/godohwan/개발자료/NODEJS_STUDY/nestjs-study/src/core/decorator/roles.decorator.ts": {"path":"/Users/godohwan/개발자료/NODEJS_STUDY/nestjs-study/src/core/decorator/roles.decorator.ts","statementMap":{"0":{"start":{"line":1,"column":0},"end":{"line":1,"column":45}},"1":{"start":{"line":4,"column":13},"end":{"line":4,"column":33}},"2":{"start":{"line":5,"column":21},"end":{"line":5,"column":72}},"3":{"start":{"line":5,"column":43},"end":{"line":5,"column":72}},"4":{"start":{"line":5,"column":13},"end":{"line":5,"column":21}}},"fnMap":{"0":{"name":"(anonymous_0)","decl":{"start":{"line":5,"column":21},"end":{"line":5,"column":22}},"loc":{"start":{"line":5,"column":43},"end":{"line":5,"column":72}}}},"branchMap":{},"s":{"0":1,"1":1,"2":1,"3":0,"4":1},"f":{"0":0},"b":{}}
,"/Users/godohwan/개발자료/NODEJS_STUDY/nestjs-study/src/core/filter/error.filter.ts": {"path":"/Users/godohwan/개발자료/NODEJS_STUDY/nestjs-study/src/core/filter/error.filter.ts","statementMap":{"0":{"start":{"line":1,"column":0},"end":{"line":1,"column":null}},"1":{"start":{"line":9,"column":2},"end":{"line":9,"column":65}},"2":{"start":{"line":10,"column":2},"end":{"line":10,"column":69}},"3":{"start":{"line":11,"column":2},"end":{"line":11,"column":40}},"4":{"start":{"line":22,"column":9},"end":{"line":120,"column":null}},"5":{"start":{"line":24,"column":23},"end":{"line":24,"column":38}},"6":{"start":{"line":25,"column":23},"end":{"line":25,"column":38}},"7":{"start":{"line":29,"column":6},"end":{"line":44,"column":7}},"8":{"start":{"line":31,"column":10},"end":{"line":32,"column":46}},"9":{"start":{"line":34,"column":8},"end":{"line":36,"column":41}},"10":{"start":{"line":38,"column":8},"end":{"line":42,"column":10}},"11":{"start":{"line":43,"column":8},"end":{"line":43,"column":34}},"12":{"start":{"line":48,"column":18},"end":{"line":48,"column":55}},"13":{"start":{"line":49,"column":27},"end":{"line":49,"column":43}},"14":{"start":{"line":51,"column":18},"end":{"line":51,"column":37}},"15":{"start":{"line":52,"column":22},"end":{"line":52,"column":47}},"16":{"start":{"line":53,"column":23},"end":{"line":53,"column":50}},"17":{"start":{"line":54,"column":24},"end":{"line":54,"column":65}},"18":{"start":{"line":56,"column":23},"end":{"line":56,"column":55}},"19":{"start":{"line":57,"column":20},"end":{"line":57,"column":64}},"20":{"start":{"line":58,"column":25},"end":{"line":58,"column":27}},"21":{"start":{"line":60,"column":6},"end":{"line":69,"column":7}},"22":{"start":{"line":61,"column":8},"end":{"line":61,"column":43}},"23":{"start":{"line":62,"column":28},"end":{"line":62,"column":51}},"24":{"start":{"line":63,"column":8},"end":{"line":68,"column":9}},"25":{"start":{"line":64,"column":10},"end":{"line":64,"column":32}},"26":{"start":{"line":66,"column":10},"end":{"line":66,"column":32}},"27":{"start":{"line":67,"column":10},"end":{"line":67,"column":60}},"28":{"start":{"line":71,"column":25},"end":{"line":76,"column":null}},"29":{"start":{"line":79,"column":26},"end":{"line":79,"column":54}},"30":{"start":{"line":80,"column":18},"end":{"line":85,"column":8}},"31":{"start":{"line":87,"column":18},"end":{"line":90,"column":8}},"32":{"start":{"line":92,"column":6},"end":{"line":98,"column":7}},"33":{"start":{"line":93,"column":8},"end":{"line":97,"column":10}},"34":{"start":{"line":100,"column":6},"end":{"line":110,"column":8}},"35":{"start":{"line":112,"column":21},"end":{"line":115,"column":null}},"36":{"start":{"line":118,"column":6},"end":{"line":118,"column":57}},"37":{"start":{"line":22,"column":15},"end":{"line":22,"column":26}},"38":{"start":{"line":22,"column":15},"end":{"line":120,"column":null}}},"fnMap":{"0":{"name":"(anonymous_2)","decl":{"start":{"line":23,"column":4},"end":{"line":23,"column":null}},"loc":{"start":{"line":25,"column":55},"end":{"line":26,"column":8}}},"1":{"name":"(anonymous_3)","decl":{"start":{"line":28,"column":12},"end":{"line":28,"column":26}},"loc":{"start":{"line":28,"column":43},"end":{"line":45,"column":5}}},"2":{"name":"(anonymous_4)","decl":{"start":{"line":47,"column":4},"end":{"line":47,"column":9}},"loc":{"start":{"line":47,"column":45},"end":{"line":119,"column":5}}}},"branchMap":{"0":{"loc":{"start":{"line":31,"column":10},"end":{"line":32,"column":46}},"type":"binary-expr","locations":[{"start":{"line":31,"column":10},"end":{"line":31,"column":46}},{"start":{"line":32,"column":10},"end":{"line":32,"column":46}}]},"1":{"loc":{"start":{"line":34,"column":15},"end":{"line":36,"column":40}},"type":"cond-expr","locations":[{"start":{"line":35,"column":12},"end":{"line":35,"column":67}},{"start":{"line":36,"column":12},"end":{"line":36,"column":40}}]},"2":{"loc":{"start":{"line":57,"column":20},"end":{"line":57,"column":64}},"type":"binary-expr","locations":[{"start":{"line":57,"column":20},"end":{"line":57,"column":37}},{"start":{"line":57,"column":41},"end":{"line":57,"column":64}}]},"3":{"loc":{"start":{"line":60,"column":6},"end":{"line":69,"column":7}},"type":"if","locations":[{"start":{"line":60,"column":6},"end":{"line":69,"column":7}},{"start":{},"end":{}}]},"4":{"loc":{"start":{"line":63,"column":8},"end":{"line":68,"column":9}},"type":"if","locations":[{"start":{"line":63,"column":8},"end":{"line":68,"column":9}},{"start":{"line":65,"column":15},"end":{"line":68,"column":9}}]},"5":{"loc":{"start":{"line":67,"column":21},"end":{"line":67,"column":59}},"type":"binary-expr","locations":[{"start":{"line":67,"column":21},"end":{"line":67,"column":48}},{"start":{"line":67,"column":52},"end":{"line":67,"column":59}}]},"6":{"loc":{"start":{"line":75,"column":15},"end":{"line":75,"column":40}},"type":"binary-expr","locations":[{"start":{"line":75,"column":15},"end":{"line":75,"column":29}},{"start":{"line":75,"column":33},"end":{"line":75,"column":40}}]},"7":{"loc":{"start":{"line":76,"column":12},"end":{"line":76,"column":58}},"type":"cond-expr","locations":[{"start":{"line":76,"column":27},"end":{"line":76,"column":29}},{"start":{"line":76,"column":32},"end":{"line":76,"column":58}}]},"8":{"loc":{"start":{"line":92,"column":6},"end":{"line":98,"column":7}},"type":"if","locations":[{"start":{"line":92,"column":6},"end":{"line":98,"column":7}},{"start":{},"end":{}}]},"9":{"loc":{"start":{"line":106,"column":21},"end":{"line":106,"column":37}},"type":"cond-expr","locations":[{"start":{"line":106,"column":30},"end":{"line":106,"column":32}},{"start":{"line":106,"column":21},"end":{"line":106,"column":37}}]},"10":{"loc":{"start":{"line":106,"column":21},"end":{"line":106,"column":32}},"type":"binary-expr","locations":[{"start":{"line":106,"column":21},"end":{"line":106,"column":32}},{"start":{"line":106,"column":21},"end":{"line":106,"column":32}}]},"11":{"loc":{"start":{"line":24,"column":38},"end":{"line":24,"column":null}},"type":"cond-expr","locations":[{"start":{"line":24,"column":51},"end":{"line":24,"column":null}},{"start":{"line":24,"column":51},"end":{"line":24,"column":null}}]},"12":{"loc":{"start":{"line":24,"column":38},"end":{"line":24,"column":51}},"type":"binary-expr","locations":[{"start":{"line":24,"column":38},"end":{"line":24,"column":null}},{"start":{"line":24,"column":38},"end":{"line":24,"column":51}}]},"13":{"loc":{"start":{"line":24,"column":51},"end":{"line":25,"column":null}},"type":"cond-expr","locations":[{"start":{"line":25,"column":55},"end":{"line":25,"column":null}},{"start":{"line":25,"column":55},"end":{"line":25,"column":null}}]},"14":{"loc":{"start":{"line":24,"column":51},"end":{"line":25,"column":55}},"type":"binary-expr","locations":[{"start":{"line":24,"column":51},"end":{"line":25,"column":null}},{"start":{"line":25,"column":38},"end":{"line":25,"column":55}}]}},"s":{"0":0,"1":0,"2":0,"3":0,"4":0,"5":0,"6":0,"7":0,"8":0,"9":0,"10":0,"11":0,"12":0,"13":0,"14":0,"15":0,"16":0,"17":0,"18":0,"19":0,"20":0,"21":0,"22":0,"23":0,"24":0,"25":0,"26":0,"27":0,"28":0,"29":0,"30":0,"31":0,"32":0,"33":0,"34":0,"35":0,"36":0,"37":0,"38":0},"f":{"0":0,"1":0,"2":0},"b":{"0":[0,0],"1":[0,0],"2":[0,0],"3":[0,0],"4":[0,0],"5":[0,0],"6":[0,0],"7":[0,0],"8":[0,0],"9":[0,0],"10":[0,0],"11":[0,0],"12":[0,0],"13":[0,0],"14":[0,0]}}
,"/Users/godohwan/개발자료/NODEJS_STUDY/nestjs-study/src/core/guard/accessToken.guard.ts": {"path":"/Users/godohwan/개발자료/NODEJS_STUDY/nestjs-study/src/core/guard/accessToken.guard.ts","statementMap":{"0":{"start":{"line":1,"column":0},"end":{"line":1,"column":null}},"1":{"start":{"line":6,"column":0},"end":{"line":6,"column":45}},"2":{"start":{"line":7,"column":0},"end":{"line":7,"column":41}},"3":{"start":{"line":9,"column":0},"end":{"line":9,"column":63}},"4":{"start":{"line":10,"column":0},"end":{"line":10,"column":62}},"5":{"start":{"line":13,"column":7},"end":{"line":47,"column":null}},"6":{"start":{"line":18,"column":4},"end":{"line":18,"column":12}},"7":{"start":{"line":15,"column":21},"end":{"line":15,"column":32}},"8":{"start":{"line":16,"column":21},"end":{"line":16,"column":36}},"9":{"start":{"line":25,"column":21},"end":{"line":28,"column":6}},"10":{"start":{"line":29,"column":4},"end":{"line":31,"column":5}},"11":{"start":{"line":30,"column":6},"end":{"line":30,"column":18}},"12":{"start":{"line":33,"column":4},"end":{"line":33,"column":38}},"13":{"start":{"line":37,"column":4},"end":{"line":37,"column":58}},"14":{"start":{"line":37,"column":13},"end":{"line":37,"column":58}},"15":{"start":{"line":38,"column":4},"end":{"line":38,"column":64}},"16":{"start":{"line":38,"column":15},"end":{"line":38,"column":64}},"17":{"start":{"line":40,"column":4},"end":{"line":43,"column":6}},"18":{"start":{"line":45,"column":4},"end":{"line":45,"column":16}},"19":{"start":{"line":13,"column":13},"end":{"line":13,"column":29}},"20":{"start":{"line":13,"column":13},"end":{"line":47,"column":null}}},"fnMap":{"0":{"name":"(anonymous_2)","decl":{"start":{"line":14,"column":2},"end":{"line":14,"column":null}},"loc":{"start":{"line":16,"column":49},"end":{"line":19,"column":3}}},"1":{"name":"(anonymous_3)","decl":{"start":{"line":21,"column":2},"end":{"line":21,"column":13}},"loc":{"start":{"line":22,"column":29},"end":{"line":34,"column":3}}},"2":{"name":"(anonymous_4)","decl":{"start":{"line":36,"column":2},"end":{"line":36,"column":15}},"loc":{"start":{"line":36,"column":35},"end":{"line":46,"column":3}}}},"branchMap":{"0":{"loc":{"start":{"line":29,"column":4},"end":{"line":31,"column":5}},"type":"if","locations":[{"start":{"line":29,"column":4},"end":{"line":31,"column":5}},{"start":{},"end":{}}]},"1":{"loc":{"start":{"line":37,"column":4},"end":{"line":37,"column":58}},"type":"if","locations":[{"start":{"line":37,"column":4},"end":{"line":37,"column":58}},{"start":{},"end":{}}]},"2":{"loc":{"start":{"line":38,"column":4},"end":{"line":38,"column":64}},"type":"if","locations":[{"start":{"line":38,"column":4},"end":{"line":38,"column":64}},{"start":{},"end":{}
[...]
,"/Users/godohwan/개발자료/NODEJS_STUDY/nestjs-study/src/modules/user/user.service.ts": {"path":"/Users/godohwan/개발자료/NODEJS_STUDY/nestjs-study/src/modules/user/user.service.ts","statementMap":{"0":{"start":{"line":1,"column":0},"end":{"line":1,"column":44}},"1":{"start":{"line":2,"column":0},"end":{"line":2,"column":68}},"2":{"start":{"line":4,"column":0},"end":{"line":4,"column":59}},"3":{"start":{"line":5,"column":0},"end":{"line":5,"column":55}},"4":{"start":{"line":6,"column":0},"end":{"line":6,"column":51}},"5":{"start":{"line":9,"column":0},"end":{"line":9,"column":63}},"6":{"start":{"line":12,"column":7},"end":{"line":67,"column":null}},"7":{"start":{"line":14,"column":21},"end":{"line":14,"column":34}},"8":{"start":{"line":15,"column":21},"end":{"line":15,"column":37}},"9":{"start":{"line":16,"column":21},"end":{"line":16,"column":36}},"10":{"start":{"line":21,"column":4},"end":{"line":21,"column":55}},"11":{"start":{"line":25,"column":4},"end":{"line":35,"column":5}},"12":{"start":{"line":26,"column":6},"end":{"line":26,"column":50}},"13":{"start":{"line":28,"column":6},"end":{"line":32,"column":8}},"14":{"start":{"line":34,"column":6},"end":{"line":34,"column":53}},"15":{"start":{"line":39,"column":28},"end":{"line":39,"column":33}},"16":{"start":{"line":40,"column":18},"end":{"line":40,"column":36}},"17":{"start":{"line":41,"column":16},"end":{"line":41,"column":33}},"18":{"start":{"line":43,"column":26},"end":{"line":45,"column":null}},"19":{"start":{"line":48,"column":4},"end":{"line":48,"column":56}},"20":{"start":{"line":52,"column":17},"end":{"line":52,"column":66}},"21":{"start":{"line":53,"column":4},"end":{"line":53,"column":34}},"22":{"start":{"line":55,"column":4},"end":{"line":55,"column":42}},"23":{"start":{"line":59,"column":17},"end":{"line":59,"column":66}},"24":{"start":{"line":60,"column":4},"end":{"line":60,"column":23}},"25":{"start":{"line":62,"column":4},"end":{"line":65,"column":7}},"26":{"start":{"line":12,"column":13},"end":{"line":12,"column":24}},"27":{"start":{"line":20,"column":8},"end":{"line":22,"column":null}},"28":{"start":{"line":12,"column":13},"end":{"line":67,"column":null}}},"fnMap":{"0":{"name":"(anonymous_2)","decl":{"start":{"line":13,"column":2},"end":{"line":13,"column":null}},"loc":{"start":{"line":16,"column":49},"end":{"line":17,"column":6}}},"1":{"name":"(anonymous_3)","decl":{"start":{"line":20,"column":8},"end":{"line":20,"column":15}},"loc":{"start":{"line":20,"column":34},"end":{"line":22,"column":3}}},"2":{"name":"(anonymous_4)","decl":{"start":{"line":24,"column":2},"end":{"line":24,"column":7}},"loc":{"start":{"line":24,"column":38},"end":{"line":36,"column":3}}},"3":{"name":"(anonymous_5)","decl":{"start":{"line":38,"column":2},"end":{"line":38,"column":7}},"loc":{"start":{"line":38,"column":47},"end":{"line":49,"column":3}}},"4":{"name":"(anonymous_6)","decl":{"start":{"line":51,"column":2},"end":{"line":51,"column":7}},"loc":{"start":{"line":51,"column":59},"end":{"line":56,"column":3}}},"5":{"name":"(anonymous_7)","decl":{"start":{"line":58,"column":2},"end":{"line":58,"column":7}},"loc":{"start":{"line":58,"column":60},"end":{"line":66,"column":3}}}},"branchMap":{"0":{"loc":{"start":{"line":14,"column":34},"end":{"line":14,"column":null}},"type":"cond-expr","locations":[{"start":{"line":14,"column":45},"end":{"line":14,"column":null}},{"start":{"line":14,"column":45},"end":{"line":14,"column":null}}]},"1":{"loc":{"start":{"line":14,"column":34},"end":{"line":14,"column":45}},"type":"binary-expr","locations":[{"start":{"line":14,"column":34},"end":{"line":14,"column":null}},{"start":{"line":14,"column":34},"end":{"line":14,"column":45}}]},"2":{"loc":{"start":{"line":14,"column":45},"end":{"line":15,"column":null}},"type":"cond-expr","locations":[{"start":{"line":15,"column":51},"end":{"line":15,"column":null}},{"start":{"line":15,"column":51},"end":{"line":15,"column":null}}]},"3":{"loc":{"start":{"line":14,"column":45},"end":{"line":15,"column":51}},"type":"binary-expr","locations":[{"start":{"line":14,"column":45},"end":{"line":15,"column":null}},{"start":{"line":15,"column":37},"end":{"line":15,"column":51}}]},"4":{"loc":{"start":{"line":15,"column":51},"end":{"line":16,"column":null}},"type":"cond-expr","locations":[{"start":{"line":16,"column":49},"end":{"line":16,"column":null}},{"start":{"line":16,"column":49},"end":{"line":16,"column":null}}]},"5":{"loc":{"start":{"line":15,"column":51},"end":{"line":16,"column":49}},"type":"binary-expr","locations":[{"start":{"line":15,"column":51},"end":{"line":16,"column":null}},{"start":{"line":16,"column":36},"end":{"line":16,"column":49}}]}},"s":{"0":1,"1":1,"2":1,"3":1,"4":1,"5":1,"6":1,"7":0,"8":0,"9":0,"10":0,"11":0,"12":0,"13":0,"14":0,"15":0,"16":0,"17":0,"18":0,"19":0,"20":0,"21":0,"22":0,"23":0,"24":0,"25":0,"26":1,"27":1,"28":1},"f":{"0":0,"1":0,"2":0,"3":0,"4":0,"5":0},"b":{"0":[1,0],"1":[1,1],"2":[1,0],"3":[1,1],"4":[1,0],"5":[1,1]}}
,"/Users/godohwan/개발자료/NODEJS_STUDY/nestjs-study/src/modules/user/dto/request/getUsersByRank.dto.ts": {"path":"/Users/godohwan/개발자료/NODEJS_STUDY/nestjs-study/src/modules/user/dto/request/getUsersByRank.dto.ts","statementMap":{"0":{"start":{"line":1,"column":0},"end":{"line":1,"column":77}},"1":{"start":{"line":3,"column":0},"end":{"line":3,"column":13}}},"fnMap":{},"branchMap":{},"s":{"0":1,"1":1},"f":{},"b":{}}
,"/Users/godohwan/개발자료/NODEJS_STUDY/nestjs-study/src/modules/user/dto/request/updateUser.body.ts": {"path":"/Users/godohwan/개발자료/NODEJS_STUDY/nestjs-study/src/modules/user/dto/request/updateUser.body.ts","statementMap":{"0":{"start":{"line":1,"column":0},"end":{"line":1,"column":43}},"1":{"start":{"line":4,"column":0},"end":{"line":4,"column":13}},"2":{"start":{"line":6,"column":2},"end":{"line":6,"column":null}}},"fnMap":{},"branchMap":{},"s":{"0":1,"1":1,"2":1},"f":{},"b":{}}
,"/Users/godohwan/개발자료/NODEJS_STUDY/nestjs-study/src/modules/user/dto/request/updateUserScore.dto.ts": {"path":"/Users/godohwan/개발자료/NODEJS_STUDY/nestjs-study/src/modules/user/dto/request/updateUserScore.dto.ts","statementMap":{"0":{"start":{"line":1,"column":0},"end":{"line":1,"column":43}},"1":{"start":{"line":3,"column":0},"end":{"line":3,"column":13}},"2":{"start":{"line":5,"column":2},"end":{"line":5,"column":null}}},"fnMap":{},"branchMap":{},"s":{"0":1,"1":1,"2":1},"f":{},"b":{}}
,"/Users/godohwan/개발자료/NODEJS_STUDY/nestjs-study/src/modules/user/dto/response/user.response.ts": {"path":"/Users/godohwan/개발자료/NODEJS_STUDY/nestjs-study/src/modules/user/dto/response/user.response.ts","statementMap":{"0":{"start":{"line":1,"column":0},"end":{"line":1,"column":46}},"1":{"start":{"line":2,"column":0},"end":{"line":2,"column":52}},"2":{"start":{"line":3,"column":0},"end":{"line":3,"column":53}},"3":{"start":{"line":6,"column":7},"end":{"line":61,"column":null}},"4":{"start":{"line":58,"column":8},"end":{"line":58,"column":null}},"5":{"start":{"line":6,"column":13},"end":{"line":6,"column":25}},"6":{"start":{"line":12,"column":4},"end":{"line":12,"column":null}},"7":{"start":{"line":19,"column":4},"end":{"line":19,"column":null}},"8":{"start":{"line":26,"column":4},"end":{"line":26,"column":null}},"9":{"start":{"line":34,"column":4},"end":{"line":34,"column":null}},"10":{"start":{"line":41,"column":4},"end":{"line":41,"column":null}},"11":{"start":{"line":48,"column":4},"end":{"line":48,"column":null}},"12":{"start":{"line":55,"column":4},"end":{"line":55,"column":null}},"13":{"start":{"line":6,"column":13},"end":{"line":61,"column":null}}},"fnMap":{"0":{"name":"(anonymous_2)","decl":{"start":{"line":57,"column":4},"end":{"line":57,"column":16}},"loc":{"start":{"line":57,"column":26},"end":{"line":59,"column":5}}}},"branchMap":{"0":{"loc":{"start":{"line":48,"column":15},"end":{"line":48,"column":20}},"type":"cond-expr","locations":[{"start":{"line":48,"column":19},"end":{"line":48,"column":20}},{"start":{"line":48,"column":19},"end":{"line":48,"column":20}}]},"1":{"loc":{"start":{"line":48,"column":15},"end":{"line":48,"column":19}},"type":"binary-expr","locations":[{"start":{"line":48,"column":15},"end":{"line":48,"column":20}},{"start":{"line":48,"column":15},"end":{"line":48,"column":19}}]},"2":{"loc":{"start":{"line":55,"column":14},"end":{"line":55,"column":19}},"type":"cond-expr","locations":[{"start":{"line":55,"column":18},"end":{"line":55,"column":19}},{"start":{"line":55,"column":18},"end":{"line":55,"column":19}}]},"3":{"loc":{"start":{"line":55,"column":14},"end":{"line":55,"column":18}},"type":"binary-expr","locations":[{"start":{"line":55,"column":14},"end":{"line":55,"column":19}},{"start":{"line":55,"column":14},"end":{"line":55,"column":18}}]},"4":{"loc":{"start":{"line":57,"column":22},"end":{"line":57,"column":null}},"type":"cond-expr","locations":[{"start":{"line":57,"column":26},"end":{"line":57,"column":null}},{"start":{"line":57,"column":26},"end":{"line":57,"column":null}}]},"5":{"loc":{"start":{"line":57,"column":22},"end":{"line":57,"column":26}},"type":"binary-expr","locations":[{"start":{"line":57,"column":22},"end":{"line":57,"column":null}},{"start":{"line":57,"column":22},"end":{"line":57,"column":26}}]}},"s":{"0":1,"1":1,"2":1,"3":1,"4":0,"5":1,"6":1,"7":1,"8":1,"9":1,"10":1,"11":1,"12":1,"13":1},"f":{"0":0},"b":{"0":[1,0],"1":[1,1],"2":[1,0],"3":[1,1],"4":[1,0],"5":[1,1]}}
,"/Users/godohwan/개발자료/NODEJS_STUDY/nestjs-study/src/modules/user/dto/response/userRank.response.ts": {"path":"/Users/godohwan/개발자료/NODEJS_STUDY/nestjs-study/src/modules/user/dto/response/userRank.response.ts","statementMap":{"0":{"start":{"line":1,"column":0},"end":{"line":1,"column":46}},"1":{"start":{"line":3,"column":0},"end":{"line":3,"column":13}},"2":{"start":{"line":10,"column":2},"end":{"line":10,"column":null}},"3":{"start":{"line":17,"column":2},"end":{"line":17,"column":null}},"4":{"start":{"line":24,"column":2},"end":{"line":24,"column":null}},"5":{"start":{"line":31,"column":2},"end":{"line":31,"column":null}}},"fnMap":{},"branchMap":{},"s":{"0":1,"1":1,"2":1,"3":1,"4":1,"5":1},"f":{},"b":{}}
,"/Users/godohwan/개발자료/NODEJS_STUDY/nestjs-study/src/modules/user/repository/user-repository.module.ts": {"path":"/Users/godohwan/개발자료/NODEJS_STUDY/nestjs-study/src/modules/user/repository/user-repository.module.ts","statementMap":{"0":{"start":{"line":3,"column":0},"end":{"line":3,"column":40}},"1":{"start":{"line":4,"column":0},"end":{"line":4,"column":75}},"2":{"start":{"line":5,"column":0},"end":{"line":5,"column":51}},"3":{"start":{"line":11,"column":7},"end":{"line":11,"column":null}},"4":{"start":{"line":11,"column":13},"end":{"line":11,"column":33}},"5":{"start":{"line":11,"column":13},"end":{"line":11,"column":null}}},"fnMap":{},"branchMap":{},"s":{"0":0,"1":0,"2":0,"3":0,"4":0,"5":0},"f":{},"b":{}}
,"/Users/godohwan/개발자료/NODEJS_STUDY/nestjs-study/src/modules/user/repository/user.repository.ts": {"path":"/Users/godohwan/개발자료/NODEJS_STUDY/nestjs-study/src/modules/user/repository/user.repository.ts","statementMap":{"0":{"start":{"line":1,"column":0},"end":{"line":1,"column":79}},"1":{"start":{"line":2,"column":0},"end":{"line":2,"column":96}},"2":{"start":{"line":3,"column":0},"end":{"line":3,"column":53}},"3":{"start":{"line":4,"column":0},"end":{"line":4,"column":35}},"4":{"start":{"line":9,"column":7},"end":{"line":18,"column":null}},"5":{"start":{"line":11,"column":19},"end":{"line":11,"column":53}},"6":{"start":{"line":13,"column":31},"end":{"line":15,"column":8}},"7":{"start":{"line":16,"column":6},"end":{"line":16,"column":34}},"8":{"start":{"line":9,"column":13},"end":{"line":9,"column":27}},"9":{"start":{"line":9,"column":13},"end":{"line":18,"column":null}}},"fnMap":{"0":{"name":"(anonymous_1)","decl":{"start":{"line":10,"column":4},"end":{"line":10,"column":9}},"loc":{"start":{"line":10,"column":40},"end":{"line":17,"column":5}}}},"branchMap":{},"s":{"0":2,"1":2,"2":2,"3":2,"4":2,"5":0,"6":0,"7":0,"8":2,"9":2},"f":{"0":0},"b":{}}
,"/Users/godohwan/개발자료/NODEJS_STUDY/nestjs-study/src/schemas/log/log.interface.ts": {"path":"/Users/godohwan/개발자료/NODEJS_STUDY/nestjs-study/src/schemas/log/log.interface.ts","statementMap":{"0":{"start":{"line":3,"column":13},"end":{"line":9,"column":11}}},"fnMap":{},"branchMap":{},"s":{"0":0},"f":{},"b":{}}
,"/Users/godohwan/개발자료/NODEJS_STUDY/nestjs-study/src/schemas/log/log.schema.ts": {"path":"/Users/godohwan/개발자료/NODEJS_STUDY/nestjs-study/src/schemas/log/log.schema.ts","statementMap":{"0":{"start":{"line":1,"column":0},"end":{"line":1,"column":63}},"1":{"start":{"line":2,"column":0},"end":{"line":2,"column":63}},"2":{"start":{"line":4,"column":0},"end":{"line":4,"column":44}},"3":{"start":{"line":5,"column":0},"end":{"line":5,"column":43}},"4":{"start":{"line":17,"column":2},"end":{"line":17,"column":null}},"5":{"start":{"line":16,"column":28},"end":{"line":16,"column":53}},"6":{"start":{"line":24,"column":2},"end":{"line":24,"column":null}},"7":{"start":{"line":23,"column":28},"end":{"line":23,"column":54}},"8":{"start":{"line":27,"column":2},"end":{"line":27,"column":null}},"9":{"start":{"line":32,"column":2},"end":{"line":32,"column":null}},"10":{"start":{"line":35,"column":2},"end":{"line":35,"column":null}},"11":{"start":{"line":41,"column":2},"end":{"line":41,"column":null}},"12":{"start":{"line":47,"column":2},"end":{"line":47,"column":null}},"13":{"start":{"line":50,"column":2},"end":{"line":50,"column":null}},"14":{"start":{"line":53,"column":2},"end":{"line":53,"column":null}},"15":{"start":{"line":56,"column":2},"end":{"line":56,"column":null}},"16":{"start":{"line":60,"column":2},"end":{"line":60,"column":null}},"17":{"start":{"line":64,"column":2},"end":{"line":64,"column":null}},"18":{"start":{"line":67,"column":2},"end":{"line":67,"column":null}},"19":{"start":{"line":71,"column":16},"end":{"line":100,"column":null}},"20":{"start":{"line":98,"column":4},"end":{"line":98,"column":37}},"21":{"start":{"line":71,"column":13},"end":{"line":71,"column":16}},"22":{"start":{"line":73,"column":2},"end":{"line":73,"column":null}},"23":{"start":{"line":81,"column":2},"end":{"line":81,"column":null}},"24":{"start":{"line":84,"column":2},"end":{"line":84,"column":null}},"25":{"start":{"line":88,"column":2},"end":{"line":88,"column":null}},"26":{"start":{"line":92,"column":2},"end":{"line":92,"column":null}},"27":{"start":{"line":95,"column":2},"end":{"line":95,"column":null}},"28":{"start":{"line":71,"column":13},"end":{"line":100,"column":null}},"29":{"start":{"line":102,"column":13},"end":{"line":102,"column":59}}},"fnMap":{"0":{"name":"(anonymous_2)","decl":{"start":{"line":16,"column":13},"end":{"line":16,"column":14}},"loc":{"start":{"line":16,"column":28},"end":{"line":16,"column":53}}},"1":{"name":"(anonymous_3)","decl":{"start":{"line":23,"column":13},"end":{"line":23,"column":14}},"loc":{"start":{"line":23,"column":28},"end":{"line":23,"column":54}}},"2":{"name":"(anonymous_4)","decl":{"start":{"line":97,"column":2},"end":{"line":97,"column":8}},"loc":{"start":{"line":97,"column":37},"end":{"line":99,"column":3}}}},"branchMap":{"0":{"loc":{"start":{"line":16,"column":28},"end":{"line":16,"column":53}},"type":"cond-expr","locations":[{"start":{"line":16,"column":33},"end":{"line":16,"column":35}},{"start":{"line":16,"column":28},"end":{"line":16,"column":53}}]},"1":{"loc":{"start":{"line":16,"column":28},"end":{"line":16,"column":35}},"type":"binary-expr","locations":[{"start":{"line":16,"column":28},"end":{"line":16,"column":35}},{"start":{"line":16,"column":28},"end":{"line":16,"column":35}}]},"2":{"loc":{"start":{"line":23,"column":28},"end":{"line":23,"column":54}},"type":"cond-expr","locations":[{"start":{"line":23,"column":33},"end":{"line":23,"column":35}},{"start":{"line":23,"column":28},"end":{"line":23,"column":54}}]},"3":{"loc":{"start":{"line":23,"column":28},"end":{"line":23,"column":35}},"type":"binary-expr","locations":[{"start":{"line":23,"column":28},"end":{"line":23,"column":35}},{"start":{"line":23,"column":28},"end":{"line":23,"column":35}}]},"4":{"loc":{"start":{"line":56,"column":10},"end":{"line":56,"column":30}},"type":"cond-expr","locations":[{"start":{"line":56,"column":16},"end":{"line":56,"column":30}},{"start":{"line":56,"column":16},"end":{"line":56,"column":30}}]},"5":{"loc":{"start":{"line":56,"column":10},"end":{"line":56,"column":16}},"type":"binary-expr","locations":[{"start":{"line":56,"column":10},"end":{"line":56,"column":30}},{"start":{"line":56,"column":10},"end":{"line":56,"column":16}}]},"6":{"loc":{"start":{"line":81,"column":9},"end":{"line":81,"column":19}},"type":"cond-expr","locations":[{"start":{"line":81,"column":18},"end":{"line":81,"column":19}},{"start":{"line":81,"column":18},"end":{"line":81,"column":19}}]},"7":{"loc":{"start":{"line":81,"column":9},"end":{"line":81,"column":18}},"type":"binary-expr","locations":[{"start":{"line":81,"column":9},"end":{"line":81,"column":19}},{"start":{"line":81,"column":9},"end":{"line":81,"column":18}}]}},"s":{"0":0,"1":0,"2":0,"3":0,"4":0,"5":0,"6":0,"7":0,"8":0,"9":0,"10":0,"11":0,"12":0,"13":0,"14":0,"15":0,"16":0,"17":0,"18":0,"19":0,"20":0,"21":0,"22":0,"23":0,"24":0,"25":0,"26":0,"27":0,"28":0,"29":0},"f":{"0":0,"1":0,"2":0},"b":{"0":[0,0],"1":[0,0],"2":[0,0],"3":[0,0],"4":[0,0],"5":[0,0],"6":[0,0],"7":[0,0]}}
,"/Users/godohwan/개발자료/NODEJS_STUDY/nestjs-study/src/schemas/post/post.schema.ts": {"path":"/Users/godohwan/개발자료/NODEJS_STUDY/nestjs-study/src/schemas/post/post.schema.ts","statementMap":{"0":{"start":{"line":1,"column":0},"end":{"line":1,"column":63}},"1":{"start":{"line":7,"column":7},"end":{"line":22,"column":null}},"2":{"start":{"line":7,"column":13},"end":{"line":7,"column":17}},"3":{"start":{"line":9,"column":2},"end":{"line":9,"column":null}},"4":{"start":{"line":12,"column":2},"end":{"line":12,"column":null}},"5":{"start":{"line":15,"column":2},"end":{"line":15,"column":null}},"6":{"start":{"line":18,"column":2},"end":{"line":18,"column":null}},"7":{"start":{"line":21,"column":2},"end":{"line":21,"column":null}},"8":{"start":{"line":7,"column":13},"end":{"line":22,"column":null}},"9":{"start":{"line":24,"column":13},"end":{"line":24,"column":61}}},"fnMap":{},"branchMap":{"0":{"loc":{"start":{"line":15,"column":13},"end":{"line":15,"column":18}},"type":"cond-expr","locations":[{"start":{"line":15,"column":17},"end":{"line":15,"column":18}},{"start":{"line":15,"column":17},"end":{"line":15,"column":18}}]},"1":{"loc":{"start":{"line":15,"column":13},"end":{"line":15,"column":17}},"type":"binary-expr","locations":[{"start":{"line":15,"column":13},"end":{"line":15,"column":18}},{"start":{"line":15,"column":13},"end":{"line":15,"column":17}}]},"2":{"loc":{"start":{"line":18,"column":13},"end":{"line":18,"column":18}},"type":"cond-expr","locations":[{"start":{"line":18,"column":17},"end":{"line":18,"column":18}},{"start":{"line":18,"column":17},"end":{"line":18,"column":18}}]},"3":{"loc":{"start":{"line":18,"column":13},"end":{"line":18,"column":17}},"type":"binary-expr","locations":[{"start":{"line":18,"column":13},"end":{"line":18,"column":18}},{"start":{"line":18,"column":13},"end":{"line":18,"column":17}}]}},"s":{"0":0,"1":0,"2":0,"3":0,"4":0,"5":0,"6":0,"7":0,"8":0,"9":0},"f":{},"b":{"0":[0,0],"1":[0,0],"2":[0,0],"3":[0,0]}}
}
